2021-07-09 16:23:13 root         INFO     Starting sales producer
2021-07-09 16:23:28 root         INFO     Starting sales producer
2021-07-09 16:23:28 root         INFO     Produced {'seller_id': 'DEN', 'product': 'Toothbrush', 'quantity': 1, 'product_price': 3.99, 'sale_ts': 1625865808634} to topic salesitems partition 0 offset 9
2021-07-09 16:23:34 root         INFO     Produced {'seller_id': 'DEN', 'product': 'Toothpaste', 'quantity': 4, 'product_price': 4.99, 'sale_ts': 1625865813907} to topic salesitems partition 0 offset 19
2021-07-09 16:23:39 root         INFO     Produced {'seller_id': 'LNK', 'product': 'Dental Floss', 'quantity': 5, 'product_price': 1.99, 'sale_ts': 1625865819119} to topic salesitems partition 0 offset 29
2021-07-09 16:23:44 root         INFO     Produced {'seller_id': 'DEN', 'product': 'Toothpaste', 'quantity': 1, 'product_price': 4.99, 'sale_ts': 1625865824330} to topic salesitems partition 0 offset 39
2021-07-09 16:23:49 root         INFO     Produced {'seller_id': 'OMA', 'product': 'Toothbrush', 'quantity': 3, 'product_price': 3.99, 'sale_ts': 1625865829544} to topic salesitems partition 0 offset 49
2021-07-09 16:23:54 root         INFO     Produced {'seller_id': 'KC', 'product': 'Toothbrush', 'quantity': 3, 'product_price': 3.99, 'sale_ts': 1625865834760} to topic salesitems partition 0 offset 59
2021-07-09 16:24:00 root         INFO     Produced {'seller_id': 'DEN', 'product': 'Toothbrush', 'quantity': 1, 'product_price': 3.99, 'sale_ts': 1625865839971} to topic salesitems partition 0 offset 69
2021-07-09 16:24:05 root         INFO     Produced {'seller_id': 'LNK', 'product': 'Toothbrush', 'quantity': 4, 'product_price': 3.99, 'sale_ts': 1625865845181} to topic salesitems partition 0 offset 79
2021-07-09 16:24:10 root         INFO     Produced {'seller_id': 'KC', 'product': 'Toothbrush', 'quantity': 3, 'product_price': 3.99, 'sale_ts': 1625865850391} to topic salesitems partition 0 offset 89
2021-07-09 16:24:15 root         INFO     Produced {'seller_id': 'DEN', 'product': 'Toothpaste', 'quantity': 1, 'product_price': 4.99, 'sale_ts': 1625865855604} to topic salesitems partition 0 offset 99
2021-07-09 16:24:21 root         INFO     Produced {'seller_id': 'LNK', 'product': 'Toothpaste', 'quantity': 5, 'product_price': 4.99, 'sale_ts': 1625865860818} to topic salesitems partition 0 offset 109
2021-07-09 16:24:26 root         INFO     Produced {'seller_id': 'LNK', 'product': 'Dental Floss', 'quantity': 3, 'product_price': 1.99, 'sale_ts': 1625865866030} to topic salesitems partition 0 offset 119
2021-07-09 16:24:31 root         INFO     Produced {'seller_id': 'KC', 'product': 'Toothbrush', 'quantity': 2, 'product_price': 3.99, 'sale_ts': 1625865871239} to topic salesitems partition 0 offset 129
2021-07-09 16:24:36 root         INFO     Produced {'seller_id': 'OMA', 'product': 'Toothbrush', 'quantity': 1, 'product_price': 3.99, 'sale_ts': 1625865876455} to topic salesitems partition 0 offset 139
2021-07-09 16:24:41 root         INFO     Produced {'seller_id': 'DEN', 'product': 'Toothpaste', 'quantity': 3, 'product_price': 4.99, 'sale_ts': 1625865881667} to topic salesitems partition 0 offset 149
2021-07-09 16:24:47 root         INFO     Produced {'seller_id': 'OMA', 'product': 'Dental Floss', 'quantity': 2, 'product_price': 1.99, 'sale_ts': 1625865886878} to topic salesitems partition 0 offset 159
2021-07-09 16:24:52 root         INFO     Produced {'seller_id': 'OMA', 'product': 'Toothbrush', 'quantity': 4, 'product_price': 3.99, 'sale_ts': 1625865892087} to topic salesitems partition 0 offset 169
2021-07-09 16:24:57 root         INFO     Produced {'seller_id': 'OMA', 'product': 'Toothpaste', 'quantity': 3, 'product_price': 4.99, 'sale_ts': 1625865897298} to topic salesitems partition 0 offset 179
2021-07-09 16:25:02 root         INFO     Produced {'seller_id': 'DEN', 'product': 'Toothbrush', 'quantity': 2, 'product_price': 3.99, 'sale_ts': 1625865902510} to topic salesitems partition 0 offset 189
2021-07-09 16:25:07 root         INFO     Produced {'seller_id': 'DEN', 'product': 'Toothbrush', 'quantity': 2, 'product_price': 3.99, 'sale_ts': 1625865907722} to topic salesitems partition 0 offset 199
2021-07-09 16:25:13 root         INFO     Produced {'seller_id': 'DEN', 'product': 'Dental Floss', 'quantity': 2, 'product_price': 1.99, 'sale_ts': 1625865912933} to topic salesitems partition 0 offset 209
2021-07-09 16:25:18 root         INFO     Produced {'seller_id': 'LNK', 'product': 'Toothbrush', 'quantity': 2, 'product_price': 3.99, 'sale_ts': 1625865918146} to topic salesitems partition 0 offset 219
2021-07-09 16:25:23 root         INFO     Produced {'seller_id': 'LNK', 'product': 'Toothbrush', 'quantity': 5, 'product_price': 3.99, 'sale_ts': 1625865923356} to topic salesitems partition 0 offset 229
2021-07-09 16:25:28 root         INFO     Produced {'seller_id': 'LNK', 'product': 'Toothbrush', 'quantity': 4, 'product_price': 3.99, 'sale_ts': 1625865928565} to topic salesitems partition 0 offset 239
2021-07-09 16:25:33 root         INFO     Produced {'seller_id': 'DEN', 'product': 'Toothbrush', 'quantity': 1, 'product_price': 3.99, 'sale_ts': 1625865933779} to topic salesitems partition 0 offset 249
2021-07-09 16:25:39 root         INFO     Produced {'seller_id': 'DEN', 'product': 'Toothbrush', 'quantity': 1, 'product_price': 3.99, 'sale_ts': 1625865938988} to topic salesitems partition 0 offset 259
2021-07-09 16:25:44 root         INFO     Produced {'seller_id': 'LNK', 'product': 'Toothpaste', 'quantity': 1, 'product_price': 4.99, 'sale_ts': 1625865944200} to topic salesitems partition 0 offset 269
2021-07-09 16:25:49 root         INFO     Produced {'seller_id': 'LNK', 'product': 'Toothbrush', 'quantity': 2, 'product_price': 3.99, 'sale_ts': 1625865949411} to topic salesitems partition 0 offset 279
2021-07-09 16:25:54 root         INFO     Produced {'seller_id': 'KC', 'product': 'Dental Floss', 'quantity': 1, 'product_price': 1.99, 'sale_ts': 1625865954624} to topic salesitems partition 0 offset 289
2021-07-09 16:26:00 root         INFO     Produced {'seller_id': 'LNK', 'product': 'Toothbrush', 'quantity': 2, 'product_price': 3.99, 'sale_ts': 1625865959833} to topic salesitems partition 0 offset 299
2021-07-09 16:26:05 root         INFO     Produced {'seller_id': 'KC', 'product': 'Toothbrush', 'quantity': 1, 'product_price': 3.99, 'sale_ts': 1625865965044} to topic salesitems partition 0 offset 309
2021-07-09 16:26:10 root         INFO     Produced {'seller_id': 'LNK', 'product': 'Toothbrush', 'quantity': 4, 'product_price': 3.99, 'sale_ts': 1625865970258} to topic salesitems partition 0 offset 319
2021-07-09 16:26:15 root         INFO     Produced {'seller_id': 'OMA', 'product': 'Dental Floss', 'quantity': 1, 'product_price': 1.99, 'sale_ts': 1625865975472} to topic salesitems partition 0 offset 329
2021-07-09 16:26:20 root         INFO     Produced {'seller_id': 'OMA', 'product': 'Toothpaste', 'quantity': 5, 'product_price': 4.99, 'sale_ts': 1625865980682} to topic salesitems partition 0 offset 339
2021-07-09 16:26:26 root         INFO     Produced {'seller_id': 'OMA', 'product': 'Dental Floss', 'quantity': 5, 'product_price': 1.99, 'sale_ts': 1625865985891} to topic salesitems partition 0 offset 349
2021-07-09 16:26:31 root         INFO     Produced {'seller_id': 'LNK', 'product': 'Toothbrush', 'quantity': 2, 'product_price': 3.99, 'sale_ts': 1625865991106} to topic salesitems partition 0 offset 359
2021-07-09 16:26:36 root         INFO     Produced {'seller_id': 'LNK', 'product': 'Toothbrush', 'quantity': 2, 'product_price': 3.99, 'sale_ts': 1625865996317} to topic salesitems partition 0 offset 369
2021-07-09 16:26:41 root         INFO     Produced {'seller_id': 'KC', 'product': 'Toothbrush', 'quantity': 2, 'product_price': 3.99, 'sale_ts': 1625866001530} to topic salesitems partition 0 offset 379
2021-07-09 16:26:46 root         INFO     Produced {'seller_id': 'KC', 'product': 'Toothbrush', 'quantity': 1, 'product_price': 3.99, 'sale_ts': 1625866006737} to topic salesitems partition 0 offset 389
2021-07-09 16:26:52 root         INFO     Produced {'seller_id': 'DEN', 'product': 'Toothpaste', 'quantity': 2, 'product_price': 4.99, 'sale_ts': 1625866011947} to topic salesitems partition 0 offset 399
2021-07-09 16:26:57 root         INFO     Produced {'seller_id': 'KC', 'product': 'Toothbrush', 'quantity': 4, 'product_price': 3.99, 'sale_ts': 1625866017157} to topic salesitems partition 0 offset 409
2021-07-09 16:27:02 root         INFO     Produced {'seller_id': 'LNK', 'product': 'Toothpaste', 'quantity': 4, 'product_price': 4.99, 'sale_ts': 1625866022370} to topic salesitems partition 0 offset 419
2021-07-09 16:27:07 root         INFO     Produced {'seller_id': 'LNK', 'product': 'Toothpaste', 'quantity': 2, 'product_price': 4.99, 'sale_ts': 1625866027582} to topic salesitems partition 0 offset 429
2021-07-09 16:27:12 root         INFO     Produced {'seller_id': 'LNK', 'product': 'Dental Floss', 'quantity': 3, 'product_price': 1.99, 'sale_ts': 1625866032790} to topic salesitems partition 0 offset 439
2021-07-09 16:27:18 root         INFO     Produced {'seller_id': 'LNK', 'product': 'Dental Floss', 'quantity': 3, 'product_price': 1.99, 'sale_ts': 1625866038002} to topic salesitems partition 0 offset 449
2021-07-09 16:27:23 root         INFO     Produced {'seller_id': 'KC', 'product': 'Toothbrush', 'quantity': 3, 'product_price': 3.99, 'sale_ts': 1625866043217} to topic salesitems partition 0 offset 459
2021-07-09 16:27:28 root         INFO     Produced {'seller_id': 'OMA', 'product': 'Toothpaste', 'quantity': 5, 'product_price': 4.99, 'sale_ts': 1625866048428} to topic salesitems partition 0 offset 469
2021-07-09 16:27:33 root         INFO     Produced {'seller_id': 'KC', 'product': 'Toothpaste', 'quantity': 5, 'product_price': 4.99, 'sale_ts': 1625866053637} to topic salesitems partition 0 offset 479
2021-07-09 16:27:39 root         INFO     Produced {'seller_id': 'KC', 'product': 'Dental Floss', 'quantity': 1, 'product_price': 1.99, 'sale_ts': 1625866058849} to topic salesitems partition 0 offset 489
2021-07-09 16:27:44 root         INFO     Produced {'seller_id': 'OMA', 'product': 'Dental Floss', 'quantity': 5, 'product_price': 1.99, 'sale_ts': 1625866064061} to topic salesitems partition 0 offset 499
2021-07-09 16:27:49 root         INFO     Produced {'seller_id': 'DEN', 'product': 'Toothbrush', 'quantity': 3, 'product_price': 3.99, 'sale_ts': 1625866069275} to topic salesitems partition 0 offset 509
2021-07-09 16:27:54 root         INFO     Produced {'seller_id': 'OMA', 'product': 'Toothbrush', 'quantity': 3, 'product_price': 3.99, 'sale_ts': 1625866074487} to topic salesitems partition 0 offset 519
2021-07-09 16:27:59 root         INFO     Produced {'seller_id': 'DEN', 'product': 'Dental Floss', 'quantity': 2, 'product_price': 1.99, 'sale_ts': 1625866079698} to topic salesitems partition 0 offset 529
2021-07-09 16:28:05 root         INFO     Produced {'seller_id': 'LNK', 'product': 'Dental Floss', 'quantity': 4, 'product_price': 1.99, 'sale_ts': 1625866084909} to topic salesitems partition 0 offset 539
2021-07-09 16:28:10 root         INFO     Produced {'seller_id': 'LNK', 'product': 'Toothbrush', 'quantity': 3, 'product_price': 3.99, 'sale_ts': 1625866090122} to topic salesitems partition 0 offset 549
2021-07-09 16:28:15 root         INFO     Produced {'seller_id': 'KC', 'product': 'Toothpaste', 'quantity': 4, 'product_price': 4.99, 'sale_ts': 1625866095330} to topic salesitems partition 0 offset 559
2021-07-09 16:28:20 root         INFO     Produced {'seller_id': 'LNK', 'product': 'Dental Floss', 'quantity': 1, 'product_price': 1.99, 'sale_ts': 1625866100535} to topic salesitems partition 0 offset 569
2021-07-09 16:28:25 root         INFO     Produced {'seller_id': 'DEN', 'product': 'Toothpaste', 'quantity': 4, 'product_price': 4.99, 'sale_ts': 1625866105747} to topic salesitems partition 0 offset 579
2021-07-09 16:28:31 root         INFO     Produced {'seller_id': 'LNK', 'product': 'Toothpaste', 'quantity': 1, 'product_price': 4.99, 'sale_ts': 1625866110960} to topic salesitems partition 0 offset 589
2021-07-09 16:28:36 root         INFO     Produced {'seller_id': 'KC', 'product': 'Dental Floss', 'quantity': 3, 'product_price': 1.99, 'sale_ts': 1625866116174} to topic salesitems partition 0 offset 599
2021-07-09 16:28:41 root         INFO     Produced {'seller_id': 'DEN', 'product': 'Toothbrush', 'quantity': 5, 'product_price': 3.99, 'sale_ts': 1625866121385} to topic salesitems partition 0 offset 609
2021-07-09 16:28:46 root         INFO     Produced {'seller_id': 'KC', 'product': 'Toothpaste', 'quantity': 2, 'product_price': 4.99, 'sale_ts': 1625866126592} to topic salesitems partition 0 offset 619
2021-07-09 16:28:52 root         INFO     Produced {'seller_id': 'OMA', 'product': 'Dental Floss', 'quantity': 1, 'product_price': 1.99, 'sale_ts': 1625866131806} to topic salesitems partition 0 offset 629
2021-07-09 16:28:57 root         INFO     Produced {'seller_id': 'DEN', 'product': 'Toothbrush', 'quantity': 5, 'product_price': 3.99, 'sale_ts': 1625866137019} to topic salesitems partition 0 offset 639
2021-07-09 16:29:02 root         INFO     Produced {'seller_id': 'LNK', 'product': 'Toothbrush', 'quantity': 3, 'product_price': 3.99, 'sale_ts': 1625866142233} to topic salesitems partition 0 offset 649
2021-07-09 16:29:07 root         INFO     Produced {'seller_id': 'LNK', 'product': 'Toothpaste', 'quantity': 1, 'product_price': 4.99, 'sale_ts': 1625866147442} to topic salesitems partition 0 offset 659
2021-07-09 16:29:12 root         INFO     Produced {'seller_id': 'KC', 'product': 'Dental Floss', 'quantity': 1, 'product_price': 1.99, 'sale_ts': 1625866152655} to topic salesitems partition 0 offset 669
2021-07-09 16:29:18 root         INFO     Produced {'seller_id': 'KC', 'product': 'Dental Floss', 'quantity': 2, 'product_price': 1.99, 'sale_ts': 1625866157867} to topic salesitems partition 0 offset 679
2021-07-09 16:29:23 root         INFO     Produced {'seller_id': 'KC', 'product': 'Dental Floss', 'quantity': 1, 'product_price': 1.99, 'sale_ts': 1625866163077} to topic salesitems partition 0 offset 689
2021-07-09 16:29:28 root         INFO     Produced {'seller_id': 'LNK', 'product': 'Dental Floss', 'quantity': 5, 'product_price': 1.99, 'sale_ts': 1625866168292} to topic salesitems partition 0 offset 699
2021-07-09 16:29:33 root         INFO     Produced {'seller_id': 'KC', 'product': 'Toothbrush', 'quantity': 2, 'product_price': 3.99, 'sale_ts': 1625866173504} to topic salesitems partition 0 offset 709
2021-07-09 16:29:38 root         INFO     Produced {'seller_id': 'OMA', 'product': 'Toothbrush', 'quantity': 3, 'product_price': 3.99, 'sale_ts': 1625866178715} to topic salesitems partition 0 offset 719
2021-07-09 16:29:44 root         INFO     Produced {'seller_id': 'LNK', 'product': 'Toothbrush', 'quantity': 1, 'product_price': 3.99, 'sale_ts': 1625866183931} to topic salesitems partition 0 offset 729
2021-07-09 16:29:49 root         INFO     Produced {'seller_id': 'OMA', 'product': 'Dental Floss', 'quantity': 4, 'product_price': 1.99, 'sale_ts': 1625866189144} to topic salesitems partition 0 offset 739
2021-07-09 16:29:54 root         INFO     Produced {'seller_id': 'LNK', 'product': 'Dental Floss', 'quantity': 3, 'product_price': 1.99, 'sale_ts': 1625866194352} to topic salesitems partition 0 offset 749
2021-07-09 16:29:59 root         INFO     Produced {'seller_id': 'LNK', 'product': 'Toothbrush', 'quantity': 2, 'product_price': 3.99, 'sale_ts': 1625866199564} to topic salesitems partition 0 offset 759
2021-07-09 16:30:04 root         INFO     Produced {'seller_id': 'LNK', 'product': 'Toothpaste', 'quantity': 5, 'product_price': 4.99, 'sale_ts': 1625866204774} to topic salesitems partition 0 offset 769
2021-07-09 16:30:10 root         INFO     Produced {'seller_id': 'LNK', 'product': 'Toothbrush', 'quantity': 1, 'product_price': 3.99, 'sale_ts': 1625866209982} to topic salesitems partition 0 offset 779
2021-07-09 16:30:15 root         INFO     Produced {'seller_id': 'LNK', 'product': 'Dental Floss', 'quantity': 4, 'product_price': 1.99, 'sale_ts': 1625866215193} to topic salesitems partition 0 offset 789
2021-07-09 16:30:20 root         INFO     Produced {'seller_id': 'OMA', 'product': 'Toothbrush', 'quantity': 1, 'product_price': 3.99, 'sale_ts': 1625866220399} to topic salesitems partition 0 offset 799
2021-07-09 16:30:25 root         INFO     Produced {'seller_id': 'DEN', 'product': 'Toothbrush', 'quantity': 1, 'product_price': 3.99, 'sale_ts': 1625866225608} to topic salesitems partition 0 offset 809
2021-07-09 16:30:31 root         INFO     Produced {'seller_id': 'OMA', 'product': 'Dental Floss', 'quantity': 1, 'product_price': 1.99, 'sale_ts': 1625866230820} to topic salesitems partition 0 offset 819
2021-07-09 16:30:36 root         INFO     Produced {'seller_id': 'KC', 'product': 'Dental Floss', 'quantity': 5, 'product_price': 1.99, 'sale_ts': 1625866236027} to topic salesitems partition 0 offset 829
2021-07-09 16:30:41 root         INFO     Produced {'seller_id': 'OMA', 'product': 'Toothpaste', 'quantity': 1, 'product_price': 4.99, 'sale_ts': 1625866241236} to topic salesitems partition 0 offset 839
2021-07-09 16:30:46 root         INFO     Produced {'seller_id': 'LNK', 'product': 'Dental Floss', 'quantity': 3, 'product_price': 1.99, 'sale_ts': 1625866246447} to topic salesitems partition 0 offset 849
2021-07-09 16:30:51 root         INFO     Produced {'seller_id': 'LNK', 'product': 'Dental Floss', 'quantity': 4, 'product_price': 1.99, 'sale_ts': 1625866251660} to topic salesitems partition 0 offset 859
2021-07-09 16:30:57 root         INFO     Produced {'seller_id': 'KC', 'product': 'Dental Floss', 'quantity': 4, 'product_price': 1.99, 'sale_ts': 1625866256871} to topic salesitems partition 0 offset 869
2021-07-09 16:31:02 root         INFO     Produced {'seller_id': 'DEN', 'product': 'Toothbrush', 'quantity': 2, 'product_price': 3.99, 'sale_ts': 1625866262084} to topic salesitems partition 0 offset 879
2021-07-09 16:31:07 root         INFO     Produced {'seller_id': 'OMA', 'product': 'Toothpaste', 'quantity': 3, 'product_price': 4.99, 'sale_ts': 1625866267292} to topic salesitems partition 0 offset 889
2021-07-09 16:31:12 root         INFO     Produced {'seller_id': 'DEN', 'product': 'Dental Floss', 'quantity': 4, 'product_price': 1.99, 'sale_ts': 1625866272502} to topic salesitems partition 0 offset 899
2021-07-09 16:31:17 root         INFO     Produced {'seller_id': 'KC', 'product': 'Dental Floss', 'quantity': 5, 'product_price': 1.99, 'sale_ts': 1625866277714} to topic salesitems partition 0 offset 909
2021-07-09 16:31:23 root         INFO     Produced {'seller_id': 'LNK', 'product': 'Toothbrush', 'quantity': 1, 'product_price': 3.99, 'sale_ts': 1625866282926} to topic salesitems partition 0 offset 919
2021-07-09 16:31:28 root         INFO     Produced {'seller_id': 'KC', 'product': 'Toothbrush', 'quantity': 3, 'product_price': 3.99, 'sale_ts': 1625866288139} to topic salesitems partition 0 offset 929
2021-07-09 16:31:33 root         INFO     Produced {'seller_id': 'KC', 'product': 'Toothpaste', 'quantity': 5, 'product_price': 4.99, 'sale_ts': 1625866293349} to topic salesitems partition 0 offset 939
2021-07-09 16:35:47 root         INFO     Starting sales producer
2021-07-09 16:35:47 root         INFO     Produced {'seller_id': 'LNK', 'product': 'Dental Floss', 'quantity': 4, 'product_price': 1.99, 'sale_ts': 1625866547728} to topic salesitems partition 0 offset 949
2021-07-09 16:35:53 root         INFO     Produced {'seller_id': 'DEN', 'product': 'Toothpaste', 'quantity': 1, 'product_price': 4.99, 'sale_ts': 1625866552940} to topic salesitems partition 0 offset 959
2021-07-09 16:35:58 root         INFO     Produced {'seller_id': 'LNK', 'product': 'Toothbrush', 'quantity': 3, 'product_price': 3.99, 'sale_ts': 1625866558146} to topic salesitems partition 0 offset 969
2021-07-09 16:36:03 root         INFO     Produced {'seller_id': 'OMA', 'product': 'Toothbrush', 'quantity': 1, 'product_price': 3.99, 'sale_ts': 1625866563357} to topic salesitems partition 0 offset 979
2021-07-09 16:36:08 root         INFO     Produced {'seller_id': 'OMA', 'product': 'Toothpaste', 'quantity': 5, 'product_price': 4.99, 'sale_ts': 1625866568567} to topic salesitems partition 0 offset 989
2021-07-09 16:36:13 root         INFO     Produced {'seller_id': 'OMA', 'product': 'Dental Floss', 'quantity': 1, 'product_price': 1.99, 'sale_ts': 1625866573778} to topic salesitems partition 0 offset 999
2021-07-09 16:36:19 root         INFO     Produced {'seller_id': 'LNK', 'product': 'Toothpaste', 'quantity': 3, 'product_price': 4.99, 'sale_ts': 1625866578988} to topic salesitems partition 0 offset 1009
2021-07-09 16:36:24 root         INFO     Produced {'seller_id': 'OMA', 'product': 'Dental Floss', 'quantity': 3, 'product_price': 1.99, 'sale_ts': 1625866584202} to topic salesitems partition 0 offset 1019
2021-07-09 16:36:29 root         INFO     Produced {'seller_id': 'KC', 'product': 'Toothpaste', 'quantity': 5, 'product_price': 4.99, 'sale_ts': 1625866589411} to topic salesitems partition 0 offset 1029
2021-07-09 16:36:34 root         INFO     Produced {'seller_id': 'LNK', 'product': 'Dental Floss', 'quantity': 1, 'product_price': 1.99, 'sale_ts': 1625866594622} to topic salesitems partition 0 offset 1039
2021-07-09 16:36:40 root         INFO     Produced {'seller_id': 'DEN', 'product': 'Toothpaste', 'quantity': 1, 'product_price': 4.99, 'sale_ts': 1625866599831} to topic salesitems partition 0 offset 1049
2021-07-09 16:36:45 root         INFO     Produced {'seller_id': 'LNK', 'product': 'Toothbrush', 'quantity': 2, 'product_price': 3.99, 'sale_ts': 1625866605042} to topic salesitems partition 0 offset 1059
2021-07-09 16:36:50 root         INFO     Produced {'seller_id': 'OMA', 'product': 'Toothbrush', 'quantity': 3, 'product_price': 3.99, 'sale_ts': 1625866610253} to topic salesitems partition 0 offset 1069
2021-07-09 16:36:55 root         INFO     Produced {'seller_id': 'LNK', 'product': 'Toothpaste', 'quantity': 3, 'product_price': 4.99, 'sale_ts': 1625866615462} to topic salesitems partition 0 offset 1079
2021-07-09 16:37:00 root         INFO     Produced {'seller_id': 'DEN', 'product': 'Toothbrush', 'quantity': 1, 'product_price': 3.99, 'sale_ts': 1625866620675} to topic salesitems partition 0 offset 1089
2021-07-09 16:37:06 root         INFO     Produced {'seller_id': 'OMA', 'product': 'Toothbrush', 'quantity': 5, 'product_price': 3.99, 'sale_ts': 1625866625887} to topic salesitems partition 0 offset 1099
2021-07-09 16:37:11 root         INFO     Produced {'seller_id': 'OMA', 'product': 'Toothpaste', 'quantity': 1, 'product_price': 4.99, 'sale_ts': 1625866631103} to topic salesitems partition 0 offset 1109
2021-07-09 16:37:16 root         INFO     Produced {'seller_id': 'DEN', 'product': 'Toothbrush', 'quantity': 4, 'product_price': 3.99, 'sale_ts': 1625866636312} to topic salesitems partition 0 offset 1119
2021-07-09 16:37:21 root         INFO     Produced {'seller_id': 'DEN', 'product': 'Toothbrush', 'quantity': 4, 'product_price': 3.99, 'sale_ts': 1625866641524} to topic salesitems partition 0 offset 1129
2021-07-09 16:37:26 root         INFO     Produced {'seller_id': 'LNK', 'product': 'Dental Floss', 'quantity': 3, 'product_price': 1.99, 'sale_ts': 1625866646735} to topic salesitems partition 0 offset 1139
2021-07-09 16:37:32 root         INFO     Produced {'seller_id': 'OMA', 'product': 'Toothbrush', 'quantity': 2, 'product_price': 3.99, 'sale_ts': 1625866651946} to topic salesitems partition 0 offset 1149
2021-07-09 16:37:37 root         INFO     Produced {'seller_id': 'DEN', 'product': 'Toothbrush', 'quantity': 5, 'product_price': 3.99, 'sale_ts': 1625866657156} to topic salesitems partition 0 offset 1159
2021-07-09 16:37:42 root         INFO     Produced {'seller_id': 'LNK', 'product': 'Toothbrush', 'quantity': 4, 'product_price': 3.99, 'sale_ts': 1625866662368} to topic salesitems partition 0 offset 1169
2021-07-09 16:37:47 root         INFO     Produced {'seller_id': 'LNK', 'product': 'Toothpaste', 'quantity': 5, 'product_price': 4.99, 'sale_ts': 1625866667580} to topic salesitems partition 0 offset 1179
2021-07-09 16:37:52 root         INFO     Produced {'seller_id': 'KC', 'product': 'Toothbrush', 'quantity': 4, 'product_price': 3.99, 'sale_ts': 1625866672791} to topic salesitems partition 0 offset 1189
2021-07-09 16:37:58 root         INFO     Produced {'seller_id': 'KC', 'product': 'Toothbrush', 'quantity': 3, 'product_price': 3.99, 'sale_ts': 1625866677998} to topic salesitems partition 0 offset 1199
2021-07-09 16:38:03 root         INFO     Produced {'seller_id': 'DEN', 'product': 'Dental Floss', 'quantity': 5, 'product_price': 1.99, 'sale_ts': 1625866683214} to topic salesitems partition 0 offset 1209
2021-07-09 16:38:08 root         INFO     Produced {'seller_id': 'KC', 'product': 'Toothbrush', 'quantity': 2, 'product_price': 3.99, 'sale_ts': 1625866688427} to topic salesitems partition 0 offset 1219
2021-07-09 16:38:13 root         INFO     Produced {'seller_id': 'KC', 'product': 'Toothpaste', 'quantity': 5, 'product_price': 4.99, 'sale_ts': 1625866693640} to topic salesitems partition 0 offset 1229
2021-07-09 16:38:19 root         INFO     Produced {'seller_id': 'LNK', 'product': 'Dental Floss', 'quantity': 1, 'product_price': 1.99, 'sale_ts': 1625866698850} to topic salesitems partition 0 offset 1239
2021-07-09 16:38:24 root         INFO     Produced {'seller_id': 'OMA', 'product': 'Toothpaste', 'quantity': 5, 'product_price': 4.99, 'sale_ts': 1625866704063} to topic salesitems partition 0 offset 1249
2021-07-09 16:38:29 root         INFO     Produced {'seller_id': 'DEN', 'product': 'Dental Floss', 'quantity': 3, 'product_price': 1.99, 'sale_ts': 1625866709277} to topic salesitems partition 0 offset 1259
2021-07-09 16:38:34 root         INFO     Produced {'seller_id': 'KC', 'product': 'Toothpaste', 'quantity': 4, 'product_price': 4.99, 'sale_ts': 1625866714490} to topic salesitems partition 0 offset 1269
2021-07-09 16:38:39 root         INFO     Produced {'seller_id': 'LNK', 'product': 'Toothpaste', 'quantity': 1, 'product_price': 4.99, 'sale_ts': 1625866719698} to topic salesitems partition 0 offset 1279
2021-07-09 16:38:45 root         INFO     Produced {'seller_id': 'KC', 'product': 'Toothpaste', 'quantity': 5, 'product_price': 4.99, 'sale_ts': 1625866724905} to topic salesitems partition 0 offset 1289
2021-07-09 16:38:50 root         INFO     Produced {'seller_id': 'KC', 'product': 'Dental Floss', 'quantity': 2, 'product_price': 1.99, 'sale_ts': 1625866730111} to topic salesitems partition 0 offset 1299
2021-07-09 16:38:55 root         INFO     Produced {'seller_id': 'KC', 'product': 'Toothpaste', 'quantity': 4, 'product_price': 4.99, 'sale_ts': 1625866735321} to topic salesitems partition 0 offset 1309
2021-07-09 16:39:00 root         INFO     Produced {'seller_id': 'OMA', 'product': 'Dental Floss', 'quantity': 1, 'product_price': 1.99, 'sale_ts': 1625866740532} to topic salesitems partition 0 offset 1319
2021-07-09 16:39:05 root         INFO     Produced {'seller_id': 'OMA', 'product': 'Dental Floss', 'quantity': 1, 'product_price': 1.99, 'sale_ts': 1625866745741} to topic salesitems partition 0 offset 1329
2021-07-09 16:39:11 root         INFO     Produced {'seller_id': 'OMA', 'product': 'Toothpaste', 'quantity': 3, 'product_price': 4.99, 'sale_ts': 1625866750952} to topic salesitems partition 0 offset 1339
2021-07-09 16:39:16 root         INFO     Produced {'seller_id': 'KC', 'product': 'Dental Floss', 'quantity': 2, 'product_price': 1.99, 'sale_ts': 1625866756162} to topic salesitems partition 0 offset 1349
2021-07-09 16:39:21 root         INFO     Produced {'seller_id': 'OMA', 'product': 'Dental Floss', 'quantity': 1, 'product_price': 1.99, 'sale_ts': 1625866761378} to topic salesitems partition 0 offset 1359
2021-07-09 16:39:26 root         INFO     Produced {'seller_id': 'DEN', 'product': 'Toothpaste', 'quantity': 5, 'product_price': 4.99, 'sale_ts': 1625866766590} to topic salesitems partition 0 offset 1369
2021-07-09 16:39:32 root         INFO     Produced {'seller_id': 'OMA', 'product': 'Toothbrush', 'quantity': 4, 'product_price': 3.99, 'sale_ts': 1625866771800} to topic salesitems partition 0 offset 1379
2021-07-09 16:39:37 root         INFO     Produced {'seller_id': 'LNK', 'product': 'Dental Floss', 'quantity': 3, 'product_price': 1.99, 'sale_ts': 1625866777011} to topic salesitems partition 0 offset 1389
2021-07-09 16:39:42 root         INFO     Produced {'seller_id': 'OMA', 'product': 'Toothpaste', 'quantity': 2, 'product_price': 4.99, 'sale_ts': 1625866782223} to topic salesitems partition 0 offset 1399
2021-07-09 16:39:47 root         INFO     Produced {'seller_id': 'KC', 'product': 'Dental Floss', 'quantity': 2, 'product_price': 1.99, 'sale_ts': 1625866787434} to topic salesitems partition 0 offset 1409
2021-07-09 16:39:52 root         INFO     Produced {'seller_id': 'LNK', 'product': 'Dental Floss', 'quantity': 4, 'product_price': 1.99, 'sale_ts': 1625866792649} to topic salesitems partition 0 offset 1419
2021-07-09 16:39:58 root         INFO     Produced {'seller_id': 'DEN', 'product': 'Toothpaste', 'quantity': 4, 'product_price': 4.99, 'sale_ts': 1625866797858} to topic salesitems partition 0 offset 1429
2021-07-09 16:40:03 root         INFO     Produced {'seller_id': 'LNK', 'product': 'Toothpaste', 'quantity': 2, 'product_price': 4.99, 'sale_ts': 1625866803072} to topic salesitems partition 0 offset 1439
2021-07-09 16:40:08 root         INFO     Produced {'seller_id': 'OMA', 'product': 'Toothpaste', 'quantity': 5, 'product_price': 4.99, 'sale_ts': 1625866808284} to topic salesitems partition 0 offset 1449
2021-07-09 16:40:13 root         INFO     Produced {'seller_id': 'DEN', 'product': 'Toothbrush', 'quantity': 2, 'product_price': 3.99, 'sale_ts': 1625866813492} to topic salesitems partition 0 offset 1459
2021-07-09 16:40:18 root         INFO     Produced {'seller_id': 'OMA', 'product': 'Toothpaste', 'quantity': 4, 'product_price': 4.99, 'sale_ts': 1625866818702} to topic salesitems partition 0 offset 1469
2021-07-09 16:40:24 root         INFO     Produced {'seller_id': 'LNK', 'product': 'Toothpaste', 'quantity': 4, 'product_price': 4.99, 'sale_ts': 1625866823908} to topic salesitems partition 0 offset 1479
2021-07-09 16:40:29 root         INFO     Produced {'seller_id': 'DEN', 'product': 'Toothpaste', 'quantity': 1, 'product_price': 4.99, 'sale_ts': 1625866829119} to topic salesitems partition 0 offset 1489
2021-07-09 16:40:34 root         INFO     Produced {'seller_id': 'LNK', 'product': 'Toothbrush', 'quantity': 3, 'product_price': 3.99, 'sale_ts': 1625866834335} to topic salesitems partition 0 offset 1499
2021-07-09 16:40:39 root         INFO     Produced {'seller_id': 'DEN', 'product': 'Toothbrush', 'quantity': 3, 'product_price': 3.99, 'sale_ts': 1625866839546} to topic salesitems partition 0 offset 1509
2021-07-09 16:40:44 root         INFO     Produced {'seller_id': 'KC', 'product': 'Toothbrush', 'quantity': 4, 'product_price': 3.99, 'sale_ts': 1625866844757} to topic salesitems partition 0 offset 1519
2021-07-09 16:40:50 root         INFO     Produced {'seller_id': 'DEN', 'product': 'Toothpaste', 'quantity': 2, 'product_price': 4.99, 'sale_ts': 1625866849963} to topic salesitems partition 0 offset 1529
2021-07-09 16:40:55 root         INFO     Produced {'seller_id': 'KC', 'product': 'Toothbrush', 'quantity': 3, 'product_price': 3.99, 'sale_ts': 1625866855174} to topic salesitems partition 0 offset 1539
2021-07-09 16:41:00 root         INFO     Produced {'seller_id': 'LNK', 'product': 'Dental Floss', 'quantity': 1, 'product_price': 1.99, 'sale_ts': 1625866860386} to topic salesitems partition 0 offset 1549
2021-07-09 16:41:05 root         INFO     Produced {'seller_id': 'KC', 'product': 'Toothbrush', 'quantity': 3, 'product_price': 3.99, 'sale_ts': 1625866865597} to topic salesitems partition 0 offset 1559
2021-07-09 16:41:11 root         INFO     Produced {'seller_id': 'KC', 'product': 'Toothpaste', 'quantity': 1, 'product_price': 4.99, 'sale_ts': 1625866870804} to topic salesitems partition 0 offset 1569
2021-07-09 16:41:16 root         INFO     Produced {'seller_id': 'LNK', 'product': 'Dental Floss', 'quantity': 1, 'product_price': 1.99, 'sale_ts': 1625866876013} to topic salesitems partition 0 offset 1579
2021-07-09 16:41:21 root         INFO     Produced {'seller_id': 'DEN', 'product': 'Toothpaste', 'quantity': 3, 'product_price': 4.99, 'sale_ts': 1625866881224} to topic salesitems partition 0 offset 1589
2021-07-09 16:41:26 root         INFO     Produced {'seller_id': 'DEN', 'product': 'Dental Floss', 'quantity': 4, 'product_price': 1.99, 'sale_ts': 1625866886437} to topic salesitems partition 0 offset 1599
2021-07-09 16:41:31 root         INFO     Produced {'seller_id': 'OMA', 'product': 'Toothbrush', 'quantity': 1, 'product_price': 3.99, 'sale_ts': 1625866891648} to topic salesitems partition 0 offset 1609
2021-07-09 16:41:37 root         INFO     Produced {'seller_id': 'KC', 'product': 'Toothpaste', 'quantity': 3, 'product_price': 4.99, 'sale_ts': 1625866896858} to topic salesitems partition 0 offset 1619
2021-07-09 16:41:42 root         INFO     Produced {'seller_id': 'LNK', 'product': 'Toothpaste', 'quantity': 1, 'product_price': 4.99, 'sale_ts': 1625866902071} to topic salesitems partition 0 offset 1629
2021-07-09 16:41:47 root         INFO     Produced {'seller_id': 'DEN', 'product': 'Toothpaste', 'quantity': 1, 'product_price': 4.99, 'sale_ts': 1625866907282} to topic salesitems partition 0 offset 1639
2021-07-09 16:41:52 root         INFO     Produced {'seller_id': 'LNK', 'product': 'Toothpaste', 'quantity': 5, 'product_price': 4.99, 'sale_ts': 1625866912492} to topic salesitems partition 0 offset 1649
2021-07-09 16:41:57 root         INFO     Produced {'seller_id': 'DEN', 'product': 'Toothbrush', 'quantity': 4, 'product_price': 3.99, 'sale_ts': 1625866917702} to topic salesitems partition 0 offset 1659
2021-07-09 16:42:03 root         INFO     Produced {'seller_id': 'DEN', 'product': 'Dental Floss', 'quantity': 1, 'product_price': 1.99, 'sale_ts': 1625866922913} to topic salesitems partition 0 offset 1669
2021-07-09 16:42:08 root         INFO     Produced {'seller_id': 'KC', 'product': 'Toothbrush', 'quantity': 5, 'product_price': 3.99, 'sale_ts': 1625866928125} to topic salesitems partition 0 offset 1679
2021-07-09 16:42:13 root         INFO     Produced {'seller_id': 'KC', 'product': 'Toothpaste', 'quantity': 1, 'product_price': 4.99, 'sale_ts': 1625866933333} to topic salesitems partition 0 offset 1689
2021-07-09 16:42:18 root         INFO     Produced {'seller_id': 'OMA', 'product': 'Dental Floss', 'quantity': 3, 'product_price': 1.99, 'sale_ts': 1625866938541} to topic salesitems partition 0 offset 1699
2021-07-09 16:42:23 root         INFO     Produced {'seller_id': 'LNK', 'product': 'Toothpaste', 'quantity': 4, 'product_price': 4.99, 'sale_ts': 1625866943747} to topic salesitems partition 0 offset 1709
2021-07-09 16:42:29 root         INFO     Produced {'seller_id': 'DEN', 'product': 'Dental Floss', 'quantity': 5, 'product_price': 1.99, 'sale_ts': 1625866948958} to topic salesitems partition 0 offset 1719
2021-07-09 16:42:34 root         INFO     Produced {'seller_id': 'LNK', 'product': 'Toothpaste', 'quantity': 5, 'product_price': 4.99, 'sale_ts': 1625866954164} to topic salesitems partition 0 offset 1729
2021-07-09 16:42:39 root         INFO     Produced {'seller_id': 'DEN', 'product': 'Toothbrush', 'quantity': 2, 'product_price': 3.99, 'sale_ts': 1625866959373} to topic salesitems partition 0 offset 1739
2023-06-29 09:58:10 root         INFO     Starting sales producer
2023-06-29 10:02:01 root         INFO     Starting sales producer
2023-06-29 10:02:01 root         INFO     Produced {'seller_id': 'DEN', 'product': 'Toothpaste', 'quantity': 1, 'product_price': 4.99, 'sale_ts': 1688025721148} to topic salesitems partition 0 offset 9
2023-06-29 10:02:06 root         INFO     Produced {'seller_id': 'OMA', 'product': 'Toothpaste', 'quantity': 5, 'product_price': 4.99, 'sale_ts': 1688025726415} to topic salesitems partition 0 offset 19
2023-06-29 10:02:11 root         INFO     Produced {'seller_id': 'OMA', 'product': 'Dental Floss', 'quantity': 1, 'product_price': 1.99, 'sale_ts': 1688025731634} to topic salesitems partition 0 offset 29
2023-06-29 10:02:17 root         INFO     Produced {'seller_id': 'DEN', 'product': 'Dental Floss', 'quantity': 2, 'product_price': 1.99, 'sale_ts': 1688025736845} to topic salesitems partition 0 offset 39
2023-06-29 10:02:22 root         INFO     Produced {'seller_id': 'KC', 'product': 'Dental Floss', 'quantity': 4, 'product_price': 1.99, 'sale_ts': 1688025742058} to topic salesitems partition 0 offset 49
2023-06-29 10:02:27 root         INFO     Produced {'seller_id': 'KC', 'product': 'Toothpaste', 'quantity': 1, 'product_price': 4.99, 'sale_ts': 1688025747271} to topic salesitems partition 0 offset 59
2023-06-29 10:02:32 root         INFO     Produced {'seller_id': 'DEN', 'product': 'Toothbrush', 'quantity': 3, 'product_price': 3.99, 'sale_ts': 1688025752479} to topic salesitems partition 0 offset 69
2023-06-29 10:02:37 root         INFO     Produced {'seller_id': 'LNK', 'product': 'Toothpaste', 'quantity': 4, 'product_price': 4.99, 'sale_ts': 1688025757696} to topic salesitems partition 0 offset 79
2023-06-29 10:02:43 root         INFO     Produced {'seller_id': 'OMA', 'product': 'Toothbrush', 'quantity': 5, 'product_price': 3.99, 'sale_ts': 1688025762906} to topic salesitems partition 0 offset 89
2023-06-29 10:02:48 root         INFO     Produced {'seller_id': 'DEN', 'product': 'Toothbrush', 'quantity': 5, 'product_price': 3.99, 'sale_ts': 1688025768121} to topic salesitems partition 0 offset 99
2023-06-29 10:02:53 root         INFO     Produced {'seller_id': 'OMA', 'product': 'Toothbrush', 'quantity': 5, 'product_price': 3.99, 'sale_ts': 1688025773329} to topic salesitems partition 0 offset 109
2023-06-29 10:02:58 root         INFO     Produced {'seller_id': 'LNK', 'product': 'Toothbrush', 'quantity': 4, 'product_price': 3.99, 'sale_ts': 1688025778538} to topic salesitems partition 0 offset 119
2023-06-29 10:03:03 root         INFO     Produced {'seller_id': 'KC', 'product': 'Dental Floss', 'quantity': 5, 'product_price': 1.99, 'sale_ts': 1688025783753} to topic salesitems partition 0 offset 129
2023-06-29 10:03:09 root         INFO     Produced {'seller_id': 'LNK', 'product': 'Toothbrush', 'quantity': 4, 'product_price': 3.99, 'sale_ts': 1688025788958} to topic salesitems partition 0 offset 139
2023-06-29 10:03:14 root         INFO     Produced {'seller_id': 'OMA', 'product': 'Dental Floss', 'quantity': 4, 'product_price': 1.99, 'sale_ts': 1688025794171} to topic salesitems partition 0 offset 149
2023-06-29 10:03:19 root         INFO     Produced {'seller_id': 'LNK', 'product': 'Toothbrush', 'quantity': 2, 'product_price': 3.99, 'sale_ts': 1688025799386} to topic salesitems partition 0 offset 159
2023-06-29 10:03:24 root         INFO     Produced {'seller_id': 'DEN', 'product': 'Toothpaste', 'quantity': 3, 'product_price': 4.99, 'sale_ts': 1688025804602} to topic salesitems partition 0 offset 169
2023-06-29 10:03:30 root         INFO     Produced {'seller_id': 'DEN', 'product': 'Dental Floss', 'quantity': 4, 'product_price': 1.99, 'sale_ts': 1688025809816} to topic salesitems partition 0 offset 179
2023-06-29 10:03:35 root         INFO     Produced {'seller_id': 'DEN', 'product': 'Toothbrush', 'quantity': 3, 'product_price': 3.99, 'sale_ts': 1688025815028} to topic salesitems partition 0 offset 189
2023-06-29 10:03:40 root         INFO     Produced {'seller_id': 'LNK', 'product': 'Toothpaste', 'quantity': 5, 'product_price': 4.99, 'sale_ts': 1688025820240} to topic salesitems partition 0 offset 199
2023-06-29 10:03:45 root         INFO     Produced {'seller_id': 'DEN', 'product': 'Toothpaste', 'quantity': 1, 'product_price': 4.99, 'sale_ts': 1688025825450} to topic salesitems partition 0 offset 209
2023-06-29 10:03:50 root         INFO     Produced {'seller_id': 'LNK', 'product': 'Dental Floss', 'quantity': 3, 'product_price': 1.99, 'sale_ts': 1688025830665} to topic salesitems partition 0 offset 219
2023-06-29 10:03:56 root         INFO     Produced {'seller_id': 'OMA', 'product': 'Toothbrush', 'quantity': 2, 'product_price': 3.99, 'sale_ts': 1688025835873} to topic salesitems partition 0 offset 229
2023-06-29 10:04:01 root         INFO     Produced {'seller_id': 'DEN', 'product': 'Dental Floss', 'quantity': 4, 'product_price': 1.99, 'sale_ts': 1688025841081} to topic salesitems partition 0 offset 239
2023-06-29 10:04:06 root         INFO     Produced {'seller_id': 'DEN', 'product': 'Toothbrush', 'quantity': 2, 'product_price': 3.99, 'sale_ts': 1688025846298} to topic salesitems partition 0 offset 249
2023-06-29 10:04:11 root         INFO     Produced {'seller_id': 'LNK', 'product': 'Toothbrush', 'quantity': 4, 'product_price': 3.99, 'sale_ts': 1688025851508} to topic salesitems partition 0 offset 259
2023-06-29 10:04:16 root         INFO     Produced {'seller_id': 'DEN', 'product': 'Dental Floss', 'quantity': 5, 'product_price': 1.99, 'sale_ts': 1688025856724} to topic salesitems partition 0 offset 269
2023-06-29 10:04:22 root         INFO     Produced {'seller_id': 'OMA', 'product': 'Toothbrush', 'quantity': 3, 'product_price': 3.99, 'sale_ts': 1688025861935} to topic salesitems partition 0 offset 279
2023-06-29 10:04:27 root         INFO     Produced {'seller_id': 'OMA', 'product': 'Dental Floss', 'quantity': 1, 'product_price': 1.99, 'sale_ts': 1688025867141} to topic salesitems partition 0 offset 289
2023-06-29 10:04:32 root         INFO     Produced {'seller_id': 'DEN', 'product': 'Dental Floss', 'quantity': 5, 'product_price': 1.99, 'sale_ts': 1688025872354} to topic salesitems partition 0 offset 299
2023-06-29 10:04:37 root         INFO     Produced {'seller_id': 'LNK', 'product': 'Dental Floss', 'quantity': 2, 'product_price': 1.99, 'sale_ts': 1688025877572} to topic salesitems partition 0 offset 309
2023-06-29 10:04:42 root         INFO     Produced {'seller_id': 'OMA', 'product': 'Toothbrush', 'quantity': 1, 'product_price': 3.99, 'sale_ts': 1688025882783} to topic salesitems partition 0 offset 319
2023-06-29 10:04:48 root         INFO     Produced {'seller_id': 'OMA', 'product': 'Dental Floss', 'quantity': 5, 'product_price': 1.99, 'sale_ts': 1688025887994} to topic salesitems partition 0 offset 329
2023-06-29 10:04:53 root         INFO     Produced {'seller_id': 'LNK', 'product': 'Toothbrush', 'quantity': 5, 'product_price': 3.99, 'sale_ts': 1688025893210} to topic salesitems partition 0 offset 339
2023-06-29 10:04:58 root         INFO     Produced {'seller_id': 'OMA', 'product': 'Toothbrush', 'quantity': 5, 'product_price': 3.99, 'sale_ts': 1688025898420} to topic salesitems partition 0 offset 349
2023-06-29 10:05:03 root         INFO     Produced {'seller_id': 'DEN', 'product': 'Toothbrush', 'quantity': 1, 'product_price': 3.99, 'sale_ts': 1688025903632} to topic salesitems partition 0 offset 359
2023-06-29 10:05:09 root         INFO     Produced {'seller_id': 'OMA', 'product': 'Dental Floss', 'quantity': 3, 'product_price': 1.99, 'sale_ts': 1688025908843} to topic salesitems partition 0 offset 369
2023-06-29 10:05:14 root         INFO     Produced {'seller_id': 'DEN', 'product': 'Toothpaste', 'quantity': 3, 'product_price': 4.99, 'sale_ts': 1688025914057} to topic salesitems partition 0 offset 379
2023-06-29 10:05:19 root         INFO     Produced {'seller_id': 'OMA', 'product': 'Toothpaste', 'quantity': 4, 'product_price': 4.99, 'sale_ts': 1688025919269} to topic salesitems partition 0 offset 389
2023-06-29 10:05:24 root         INFO     Produced {'seller_id': 'KC', 'product': 'Toothpaste', 'quantity': 3, 'product_price': 4.99, 'sale_ts': 1688025924481} to topic salesitems partition 0 offset 399
2023-06-29 10:05:29 root         INFO     Produced {'seller_id': 'KC', 'product': 'Dental Floss', 'quantity': 5, 'product_price': 1.99, 'sale_ts': 1688025929695} to topic salesitems partition 0 offset 409
2023-06-29 10:05:35 root         INFO     Produced {'seller_id': 'LNK', 'product': 'Dental Floss', 'quantity': 1, 'product_price': 1.99, 'sale_ts': 1688025934902} to topic salesitems partition 0 offset 419
2023-06-29 10:05:40 root         INFO     Produced {'seller_id': 'OMA', 'product': 'Toothpaste', 'quantity': 4, 'product_price': 4.99, 'sale_ts': 1688025940109} to topic salesitems partition 0 offset 429
2023-06-29 10:05:45 root         INFO     Produced {'seller_id': 'OMA', 'product': 'Toothbrush', 'quantity': 1, 'product_price': 3.99, 'sale_ts': 1688025945322} to topic salesitems partition 0 offset 439
2023-06-29 10:05:50 root         INFO     Produced {'seller_id': 'DEN', 'product': 'Dental Floss', 'quantity': 4, 'product_price': 1.99, 'sale_ts': 1688025950532} to topic salesitems partition 0 offset 449
2023-06-29 10:05:55 root         INFO     Produced {'seller_id': 'DEN', 'product': 'Toothpaste', 'quantity': 2, 'product_price': 4.99, 'sale_ts': 1688025955744} to topic salesitems partition 0 offset 459
2023-06-29 10:06:01 root         INFO     Produced {'seller_id': 'OMA', 'product': 'Toothpaste', 'quantity': 2, 'product_price': 4.99, 'sale_ts': 1688025960949} to topic salesitems partition 0 offset 469
2023-06-29 10:06:06 root         INFO     Produced {'seller_id': 'LNK', 'product': 'Dental Floss', 'quantity': 2, 'product_price': 1.99, 'sale_ts': 1688025966165} to topic salesitems partition 0 offset 479
2023-06-29 10:06:11 root         INFO     Produced {'seller_id': 'DEN', 'product': 'Dental Floss', 'quantity': 5, 'product_price': 1.99, 'sale_ts': 1688025971382} to topic salesitems partition 0 offset 489
2023-06-29 10:06:16 root         INFO     Produced {'seller_id': 'OMA', 'product': 'Dental Floss', 'quantity': 5, 'product_price': 1.99, 'sale_ts': 1688025976595} to topic salesitems partition 0 offset 499
2023-06-29 10:06:22 root         INFO     Produced {'seller_id': 'LNK', 'product': 'Dental Floss', 'quantity': 3, 'product_price': 1.99, 'sale_ts': 1688025981807} to topic salesitems partition 0 offset 509
2023-06-29 10:06:27 root         INFO     Produced {'seller_id': 'DEN', 'product': 'Dental Floss', 'quantity': 5, 'product_price': 1.99, 'sale_ts': 1688025987022} to topic salesitems partition 0 offset 519
2023-06-29 10:06:32 root         INFO     Produced {'seller_id': 'KC', 'product': 'Dental Floss', 'quantity': 4, 'product_price': 1.99, 'sale_ts': 1688025992237} to topic salesitems partition 0 offset 529
2023-06-29 10:06:37 root         INFO     Produced {'seller_id': 'OMA', 'product': 'Toothpaste', 'quantity': 1, 'product_price': 4.99, 'sale_ts': 1688025997448} to topic salesitems partition 0 offset 539
2023-06-29 10:06:42 root         INFO     Produced {'seller_id': 'OMA', 'product': 'Toothpaste', 'quantity': 4, 'product_price': 4.99, 'sale_ts': 1688026002655} to topic salesitems partition 0 offset 549
2023-06-29 10:06:48 root         INFO     Produced {'seller_id': 'OMA', 'product': 'Toothpaste', 'quantity': 4, 'product_price': 4.99, 'sale_ts': 1688026007865} to topic salesitems partition 0 offset 559
2023-06-29 10:06:53 root         INFO     Produced {'seller_id': 'LNK', 'product': 'Toothbrush', 'quantity': 1, 'product_price': 3.99, 'sale_ts': 1688026013078} to topic salesitems partition 0 offset 569
2023-06-29 10:06:58 root         INFO     Produced {'seller_id': 'DEN', 'product': 'Toothpaste', 'quantity': 1, 'product_price': 4.99, 'sale_ts': 1688026018291} to topic salesitems partition 0 offset 579
2023-06-29 10:07:03 root         INFO     Produced {'seller_id': 'LNK', 'product': 'Dental Floss', 'quantity': 3, 'product_price': 1.99, 'sale_ts': 1688026023504} to topic salesitems partition 0 offset 589
2023-06-29 10:07:08 root         INFO     Produced {'seller_id': 'OMA', 'product': 'Toothpaste', 'quantity': 4, 'product_price': 4.99, 'sale_ts': 1688026028719} to topic salesitems partition 0 offset 599
2023-06-29 10:07:14 root         INFO     Produced {'seller_id': 'KC', 'product': 'Toothpaste', 'quantity': 2, 'product_price': 4.99, 'sale_ts': 1688026033935} to topic salesitems partition 0 offset 609
2023-06-29 10:07:19 root         INFO     Produced {'seller_id': 'LNK', 'product': 'Toothpaste', 'quantity': 5, 'product_price': 4.99, 'sale_ts': 1688026039148} to topic salesitems partition 0 offset 619
2023-06-29 10:07:24 root         INFO     Produced {'seller_id': 'OMA', 'product': 'Toothpaste', 'quantity': 1, 'product_price': 4.99, 'sale_ts': 1688026044358} to topic salesitems partition 0 offset 629
2023-06-29 10:07:29 root         INFO     Produced {'seller_id': 'DEN', 'product': 'Toothpaste', 'quantity': 1, 'product_price': 4.99, 'sale_ts': 1688026049574} to topic salesitems partition 0 offset 639
2023-06-29 10:07:35 root         INFO     Produced {'seller_id': 'KC', 'product': 'Dental Floss', 'quantity': 4, 'product_price': 1.99, 'sale_ts': 1688026054792} to topic salesitems partition 0 offset 649
2023-06-29 10:07:40 root         INFO     Produced {'seller_id': 'DEN', 'product': 'Toothpaste', 'quantity': 3, 'product_price': 4.99, 'sale_ts': 1688026060005} to topic salesitems partition 0 offset 659
2023-06-29 10:07:45 root         INFO     Produced {'seller_id': 'DEN', 'product': 'Toothbrush', 'quantity': 3, 'product_price': 3.99, 'sale_ts': 1688026065216} to topic salesitems partition 0 offset 669
2023-06-29 10:07:50 root         INFO     Produced {'seller_id': 'LNK', 'product': 'Toothbrush', 'quantity': 3, 'product_price': 3.99, 'sale_ts': 1688026070427} to topic salesitems partition 0 offset 679
2023-06-29 10:07:55 root         INFO     Produced {'seller_id': 'OMA', 'product': 'Toothbrush', 'quantity': 5, 'product_price': 3.99, 'sale_ts': 1688026075642} to topic salesitems partition 0 offset 689
2023-06-29 10:08:01 root         INFO     Produced {'seller_id': 'LNK', 'product': 'Toothbrush', 'quantity': 3, 'product_price': 3.99, 'sale_ts': 1688026080859} to topic salesitems partition 0 offset 699
2023-06-29 10:08:06 root         INFO     Produced {'seller_id': 'KC', 'product': 'Toothbrush', 'quantity': 4, 'product_price': 3.99, 'sale_ts': 1688026086074} to topic salesitems partition 0 offset 709
2023-06-29 10:08:11 root         INFO     Produced {'seller_id': 'KC', 'product': 'Toothbrush', 'quantity': 2, 'product_price': 3.99, 'sale_ts': 1688026091281} to topic salesitems partition 0 offset 719
2023-06-29 10:08:16 root         INFO     Produced {'seller_id': 'KC', 'product': 'Dental Floss', 'quantity': 1, 'product_price': 1.99, 'sale_ts': 1688026096494} to topic salesitems partition 0 offset 729
2023-06-29 10:08:21 root         INFO     Produced {'seller_id': 'LNK', 'product': 'Toothpaste', 'quantity': 5, 'product_price': 4.99, 'sale_ts': 1688026101706} to topic salesitems partition 0 offset 739
2023-06-29 10:08:27 root         INFO     Produced {'seller_id': 'LNK', 'product': 'Toothbrush', 'quantity': 5, 'product_price': 3.99, 'sale_ts': 1688026106914} to topic salesitems partition 0 offset 749
2023-06-29 10:08:32 root         INFO     Produced {'seller_id': 'DEN', 'product': 'Toothpaste', 'quantity': 1, 'product_price': 4.99, 'sale_ts': 1688026112125} to topic salesitems partition 0 offset 759
2023-06-29 10:08:37 root         INFO     Produced {'seller_id': 'DEN', 'product': 'Toothbrush', 'quantity': 2, 'product_price': 3.99, 'sale_ts': 1688026117334} to topic salesitems partition 0 offset 769
2023-06-29 10:08:42 root         INFO     Produced {'seller_id': 'OMA', 'product': 'Toothpaste', 'quantity': 1, 'product_price': 4.99, 'sale_ts': 1688026122544} to topic salesitems partition 0 offset 779
2023-06-29 10:08:47 root         INFO     Produced {'seller_id': 'OMA', 'product': 'Dental Floss', 'quantity': 2, 'product_price': 1.99, 'sale_ts': 1688026127756} to topic salesitems partition 0 offset 789
2023-06-29 10:08:53 root         INFO     Produced {'seller_id': 'DEN', 'product': 'Dental Floss', 'quantity': 4, 'product_price': 1.99, 'sale_ts': 1688026132966} to topic salesitems partition 0 offset 799
2023-06-29 10:08:58 root         INFO     Produced {'seller_id': 'LNK', 'product': 'Toothbrush', 'quantity': 1, 'product_price': 3.99, 'sale_ts': 1688026138173} to topic salesitems partition 0 offset 809
2023-06-29 10:09:03 root         INFO     Produced {'seller_id': 'OMA', 'product': 'Toothpaste', 'quantity': 2, 'product_price': 4.99, 'sale_ts': 1688026143379} to topic salesitems partition 0 offset 819
2023-06-29 10:09:08 root         INFO     Produced {'seller_id': 'LNK', 'product': 'Toothbrush', 'quantity': 1, 'product_price': 3.99, 'sale_ts': 1688026148586} to topic salesitems partition 0 offset 829
2023-06-29 10:09:14 root         INFO     Produced {'seller_id': 'KC', 'product': 'Dental Floss', 'quantity': 2, 'product_price': 1.99, 'sale_ts': 1688026153797} to topic salesitems partition 0 offset 839
2023-06-29 10:09:19 root         INFO     Produced {'seller_id': 'OMA', 'product': 'Toothpaste', 'quantity': 2, 'product_price': 4.99, 'sale_ts': 1688026159004} to topic salesitems partition 0 offset 849
2023-06-29 10:09:24 root         INFO     Produced {'seller_id': 'OMA', 'product': 'Toothbrush', 'quantity': 3, 'product_price': 3.99, 'sale_ts': 1688026164213} to topic salesitems partition 0 offset 859
2023-06-29 10:09:29 root         INFO     Produced {'seller_id': 'LNK', 'product': 'Toothbrush', 'quantity': 2, 'product_price': 3.99, 'sale_ts': 1688026169420} to topic salesitems partition 0 offset 869
2023-06-29 10:09:34 root         INFO     Produced {'seller_id': 'OMA', 'product': 'Toothpaste', 'quantity': 2, 'product_price': 4.99, 'sale_ts': 1688026174632} to topic salesitems partition 0 offset 879
2023-06-29 10:09:40 root         INFO     Produced {'seller_id': 'KC', 'product': 'Toothbrush', 'quantity': 5, 'product_price': 3.99, 'sale_ts': 1688026179845} to topic salesitems partition 0 offset 889
2023-06-29 10:09:45 root         INFO     Produced {'seller_id': 'KC', 'product': 'Dental Floss', 'quantity': 3, 'product_price': 1.99, 'sale_ts': 1688026185060} to topic salesitems partition 0 offset 899
2023-06-29 10:09:50 root         INFO     Produced {'seller_id': 'LNK', 'product': 'Toothbrush', 'quantity': 4, 'product_price': 3.99, 'sale_ts': 1688026190270} to topic salesitems partition 0 offset 909
2023-06-29 10:09:55 root         INFO     Produced {'seller_id': 'OMA', 'product': 'Toothpaste', 'quantity': 1, 'product_price': 4.99, 'sale_ts': 1688026195479} to topic salesitems partition 0 offset 919
2023-06-29 10:10:00 root         INFO     Produced {'seller_id': 'KC', 'product': 'Dental Floss', 'quantity': 1, 'product_price': 1.99, 'sale_ts': 1688026200694} to topic salesitems partition 0 offset 929
2023-06-29 10:10:06 root         INFO     Produced {'seller_id': 'LNK', 'product': 'Dental Floss', 'quantity': 3, 'product_price': 1.99, 'sale_ts': 1688026205907} to topic salesitems partition 0 offset 939
2023-06-29 10:10:11 root         INFO     Produced {'seller_id': 'DEN', 'product': 'Dental Floss', 'quantity': 1, 'product_price': 1.99, 'sale_ts': 1688026211118} to topic salesitems partition 0 offset 949
2023-06-29 10:10:16 root         INFO     Produced {'seller_id': 'DEN', 'product': 'Dental Floss', 'quantity': 1, 'product_price': 1.99, 'sale_ts': 1688026216334} to topic salesitems partition 0 offset 959
2023-06-29 10:10:21 root         INFO     Produced {'seller_id': 'OMA', 'product': 'Toothbrush', 'quantity': 3, 'product_price': 3.99, 'sale_ts': 1688026221547} to topic salesitems partition 0 offset 969
2023-06-29 10:10:26 root         INFO     Produced {'seller_id': 'OMA', 'product': 'Toothpaste', 'quantity': 1, 'product_price': 4.99, 'sale_ts': 1688026226759} to topic salesitems partition 0 offset 979
2023-06-29 10:10:32 root         INFO     Produced {'seller_id': 'OMA', 'product': 'Toothpaste', 'quantity': 1, 'product_price': 4.99, 'sale_ts': 1688026231970} to topic salesitems partition 0 offset 989
2023-06-29 10:10:37 root         INFO     Produced {'seller_id': 'LNK', 'product': 'Toothbrush', 'quantity': 4, 'product_price': 3.99, 'sale_ts': 1688026237178} to topic salesitems partition 0 offset 999
2023-06-29 10:10:42 root         INFO     Produced {'seller_id': 'OMA', 'product': 'Toothbrush', 'quantity': 3, 'product_price': 3.99, 'sale_ts': 1688026242386} to topic salesitems partition 0 offset 1009
2023-06-29 10:10:47 root         INFO     Produced {'seller_id': 'KC', 'product': 'Toothbrush', 'quantity': 4, 'product_price': 3.99, 'sale_ts': 1688026247603} to topic salesitems partition 0 offset 1019
2023-06-29 10:10:53 root         INFO     Produced {'seller_id': 'OMA', 'product': 'Dental Floss', 'quantity': 3, 'product_price': 1.99, 'sale_ts': 1688026252817} to topic salesitems partition 0 offset 1029
2023-06-29 10:10:58 root         INFO     Produced {'seller_id': 'OMA', 'product': 'Toothbrush', 'quantity': 2, 'product_price': 3.99, 'sale_ts': 1688026258030} to topic salesitems partition 0 offset 1039
2023-06-29 10:11:03 root         INFO     Produced {'seller_id': 'DEN', 'product': 'Toothpaste', 'quantity': 1, 'product_price': 4.99, 'sale_ts': 1688026263239} to topic salesitems partition 0 offset 1049
2023-06-29 10:11:08 root         INFO     Produced {'seller_id': 'LNK', 'product': 'Toothpaste', 'quantity': 1, 'product_price': 4.99, 'sale_ts': 1688026268450} to topic salesitems partition 0 offset 1059
2023-06-29 10:11:13 root         INFO     Produced {'seller_id': 'OMA', 'product': 'Dental Floss', 'quantity': 2, 'product_price': 1.99, 'sale_ts': 1688026273661} to topic salesitems partition 0 offset 1069
2023-06-29 10:11:19 root         INFO     Produced {'seller_id': 'KC', 'product': 'Toothpaste', 'quantity': 5, 'product_price': 4.99, 'sale_ts': 1688026278872} to topic salesitems partition 0 offset 1079
2023-06-29 10:11:24 root         INFO     Produced {'seller_id': 'DEN', 'product': 'Toothpaste', 'quantity': 4, 'product_price': 4.99, 'sale_ts': 1688026284080} to topic salesitems partition 0 offset 1089
2023-06-29 10:11:29 root         INFO     Produced {'seller_id': 'LNK', 'product': 'Toothbrush', 'quantity': 1, 'product_price': 3.99, 'sale_ts': 1688026289293} to topic salesitems partition 0 offset 1099
2023-06-29 10:11:34 root         INFO     Produced {'seller_id': 'KC', 'product': 'Dental Floss', 'quantity': 3, 'product_price': 1.99, 'sale_ts': 1688026294508} to topic salesitems partition 0 offset 1109
2023-06-29 10:11:39 root         INFO     Produced {'seller_id': 'LNK', 'product': 'Dental Floss', 'quantity': 3, 'product_price': 1.99, 'sale_ts': 1688026299723} to topic salesitems partition 0 offset 1119
2023-06-29 10:11:45 root         INFO     Produced {'seller_id': 'KC', 'product': 'Toothpaste', 'quantity': 2, 'product_price': 4.99, 'sale_ts': 1688026304929} to topic salesitems partition 0 offset 1129
2023-06-29 10:11:50 root         INFO     Produced {'seller_id': 'OMA', 'product': 'Dental Floss', 'quantity': 2, 'product_price': 1.99, 'sale_ts': 1688026310139} to topic salesitems partition 0 offset 1139
2023-06-29 10:11:55 root         INFO     Produced {'seller_id': 'OMA', 'product': 'Toothbrush', 'quantity': 5, 'product_price': 3.99, 'sale_ts': 1688026315351} to topic salesitems partition 0 offset 1149
2023-06-29 10:12:00 root         INFO     Produced {'seller_id': 'OMA', 'product': 'Dental Floss', 'quantity': 5, 'product_price': 1.99, 'sale_ts': 1688026320561} to topic salesitems partition 0 offset 1159
2023-06-29 10:12:05 root         INFO     Produced {'seller_id': 'OMA', 'product': 'Dental Floss', 'quantity': 5, 'product_price': 1.99, 'sale_ts': 1688026325769} to topic salesitems partition 0 offset 1169
2023-06-29 10:12:11 root         INFO     Produced {'seller_id': 'DEN', 'product': 'Dental Floss', 'quantity': 2, 'product_price': 1.99, 'sale_ts': 1688026330976} to topic salesitems partition 0 offset 1179
2023-06-29 10:12:16 root         INFO     Produced {'seller_id': 'LNK', 'product': 'Dental Floss', 'quantity': 5, 'product_price': 1.99, 'sale_ts': 1688026336189} to topic salesitems partition 0 offset 1189
2023-06-29 10:12:21 root         INFO     Produced {'seller_id': 'OMA', 'product': 'Toothpaste', 'quantity': 2, 'product_price': 4.99, 'sale_ts': 1688026341400} to topic salesitems partition 0 offset 1199
2023-06-29 10:12:26 root         INFO     Produced {'seller_id': 'DEN', 'product': 'Dental Floss', 'quantity': 5, 'product_price': 1.99, 'sale_ts': 1688026346612} to topic salesitems partition 0 offset 1209
2023-06-29 10:12:32 root         INFO     Produced {'seller_id': 'KC', 'product': 'Dental Floss', 'quantity': 1, 'product_price': 1.99, 'sale_ts': 1688026351825} to topic salesitems partition 0 offset 1219
2023-06-29 10:12:37 root         INFO     Produced {'seller_id': 'OMA', 'product': 'Toothbrush', 'quantity': 5, 'product_price': 3.99, 'sale_ts': 1688026357040} to topic salesitems partition 0 offset 1229
2023-06-29 10:12:42 root         INFO     Produced {'seller_id': 'LNK', 'product': 'Dental Floss', 'quantity': 3, 'product_price': 1.99, 'sale_ts': 1688026362247} to topic salesitems partition 0 offset 1239
2023-06-29 10:12:47 root         INFO     Produced {'seller_id': 'KC', 'product': 'Toothbrush', 'quantity': 4, 'product_price': 3.99, 'sale_ts': 1688026367456} to topic salesitems partition 0 offset 1249
2023-06-29 10:12:52 root         INFO     Produced {'seller_id': 'LNK', 'product': 'Dental Floss', 'quantity': 3, 'product_price': 1.99, 'sale_ts': 1688026372669} to topic salesitems partition 0 offset 1259
2023-06-29 10:12:58 root         INFO     Produced {'seller_id': 'OMA', 'product': 'Toothpaste', 'quantity': 1, 'product_price': 4.99, 'sale_ts': 1688026377880} to topic salesitems partition 0 offset 1269
2023-06-29 10:13:03 root         INFO     Produced {'seller_id': 'LNK', 'product': 'Dental Floss', 'quantity': 1, 'product_price': 1.99, 'sale_ts': 1688026383098} to topic salesitems partition 0 offset 1279
2023-06-29 10:13:08 root         INFO     Produced {'seller_id': 'LNK', 'product': 'Toothpaste', 'quantity': 4, 'product_price': 4.99, 'sale_ts': 1688026388306} to topic salesitems partition 0 offset 1289
2023-06-29 10:13:13 root         INFO     Produced {'seller_id': 'KC', 'product': 'Dental Floss', 'quantity': 3, 'product_price': 1.99, 'sale_ts': 1688026393519} to topic salesitems partition 0 offset 1299
2023-06-29 10:13:18 root         INFO     Produced {'seller_id': 'OMA', 'product': 'Toothpaste', 'quantity': 2, 'product_price': 4.99, 'sale_ts': 1688026398733} to topic salesitems partition 0 offset 1309
2023-06-29 10:13:24 root         INFO     Produced {'seller_id': 'KC', 'product': 'Dental Floss', 'quantity': 3, 'product_price': 1.99, 'sale_ts': 1688026403948} to topic salesitems partition 0 offset 1319
2023-06-29 10:13:29 root         INFO     Produced {'seller_id': 'LNK', 'product': 'Toothbrush', 'quantity': 4, 'product_price': 3.99, 'sale_ts': 1688026409161} to topic salesitems partition 0 offset 1329
2023-06-29 10:13:34 root         INFO     Produced {'seller_id': 'OMA', 'product': 'Dental Floss', 'quantity': 4, 'product_price': 1.99, 'sale_ts': 1688026414374} to topic salesitems partition 0 offset 1339
2023-06-29 10:13:39 root         INFO     Produced {'seller_id': 'KC', 'product': 'Toothbrush', 'quantity': 3, 'product_price': 3.99, 'sale_ts': 1688026419587} to topic salesitems partition 0 offset 1349
2023-06-29 10:13:45 root         INFO     Produced {'seller_id': 'LNK', 'product': 'Toothpaste', 'quantity': 4, 'product_price': 4.99, 'sale_ts': 1688026424796} to topic salesitems partition 0 offset 1359
2023-06-29 10:13:50 root         INFO     Produced {'seller_id': 'OMA', 'product': 'Dental Floss', 'quantity': 4, 'product_price': 1.99, 'sale_ts': 1688026430008} to topic salesitems partition 0 offset 1369
2023-06-29 10:13:55 root         INFO     Produced {'seller_id': 'DEN', 'product': 'Toothbrush', 'quantity': 3, 'product_price': 3.99, 'sale_ts': 1688026435221} to topic salesitems partition 0 offset 1379
2023-06-29 10:14:00 root         INFO     Produced {'seller_id': 'LNK', 'product': 'Toothpaste', 'quantity': 4, 'product_price': 4.99, 'sale_ts': 1688026440434} to topic salesitems partition 0 offset 1389
2023-06-29 10:14:05 root         INFO     Produced {'seller_id': 'DEN', 'product': 'Toothpaste', 'quantity': 2, 'product_price': 4.99, 'sale_ts': 1688026445642} to topic salesitems partition 0 offset 1399
2023-06-29 10:14:11 root         INFO     Produced {'seller_id': 'DEN', 'product': 'Toothbrush', 'quantity': 3, 'product_price': 3.99, 'sale_ts': 1688026450857} to topic salesitems partition 0 offset 1409
2023-06-29 10:14:16 root         INFO     Produced {'seller_id': 'KC', 'product': 'Toothpaste', 'quantity': 2, 'product_price': 4.99, 'sale_ts': 1688026456077} to topic salesitems partition 0 offset 1419
2023-06-29 10:14:21 root         INFO     Produced {'seller_id': 'LNK', 'product': 'Toothbrush', 'quantity': 2, 'product_price': 3.99, 'sale_ts': 1688026461294} to topic salesitems partition 0 offset 1429
2023-06-29 10:14:26 root         INFO     Produced {'seller_id': 'KC', 'product': 'Dental Floss', 'quantity': 2, 'product_price': 1.99, 'sale_ts': 1688026466510} to topic salesitems partition 0 offset 1439
2023-06-29 10:14:31 root         INFO     Produced {'seller_id': 'OMA', 'product': 'Toothbrush', 'quantity': 3, 'product_price': 3.99, 'sale_ts': 1688026471730} to topic salesitems partition 0 offset 1449
2023-06-29 10:14:37 root         INFO     Produced {'seller_id': 'KC', 'product': 'Dental Floss', 'quantity': 3, 'product_price': 1.99, 'sale_ts': 1688026476946} to topic salesitems partition 0 offset 1459
2023-06-29 10:16:18 root         INFO     Produced {'seller_id': 'OMA', 'product': 'Toothbrush', 'quantity': 4, 'product_price': 3.99, 'sale_ts': 1688026577927} to topic salesitems partition 0 offset 1469
2023-06-29 10:16:23 root         INFO     Produced {'seller_id': 'OMA', 'product': 'Toothpaste', 'quantity': 5, 'product_price': 4.99, 'sale_ts': 1688026583138} to topic salesitems partition 0 offset 1479
2023-06-29 10:16:32 root         INFO     Produced {'seller_id': 'OMA', 'product': 'Toothpaste', 'quantity': 4, 'product_price': 4.99, 'sale_ts': 1688026592683} to topic salesitems partition 0 offset 1489
2023-06-29 10:17:33 root         INFO     Produced {'seller_id': 'OMA', 'product': 'Toothbrush', 'quantity': 4, 'product_price': 3.99, 'sale_ts': 1688026647285} to topic salesitems partition 0 offset 1499
2023-06-29 10:17:38 root         INFO     Produced {'seller_id': 'DEN', 'product': 'Dental Floss', 'quantity': 3, 'product_price': 1.99, 'sale_ts': 1688026653335} to topic salesitems partition 0 offset 1509
2023-06-29 10:17:43 root         INFO     Produced {'seller_id': 'OMA', 'product': 'Toothbrush', 'quantity': 2, 'product_price': 3.99, 'sale_ts': 1688026658339} to topic salesitems partition 0 offset 1519
2023-06-29 10:17:48 root         INFO     Produced {'seller_id': 'OMA', 'product': 'Toothpaste', 'quantity': 4, 'product_price': 4.99, 'sale_ts': 1688026663342} to topic salesitems partition 0 offset 1529
2023-06-29 10:17:53 root         INFO     Produced {'seller_id': 'LNK', 'product': 'Toothbrush', 'quantity': 5, 'product_price': 3.99, 'sale_ts': 1688026668347} to topic salesitems partition 0 offset 1539
2023-06-29 10:17:58 root         INFO     Produced {'seller_id': 'DEN', 'product': 'Toothpaste', 'quantity': 4, 'product_price': 4.99, 'sale_ts': 1688026673351} to topic salesitems partition 0 offset 1549
2023-06-29 10:18:03 root         INFO     Produced {'seller_id': 'KC', 'product': 'Toothpaste', 'quantity': 2, 'product_price': 4.99, 'sale_ts': 1688026678354} to topic salesitems partition 0 offset 1559
2023-06-29 10:18:08 root         INFO     Produced {'seller_id': 'DEN', 'product': 'Toothpaste', 'quantity': 3, 'product_price': 4.99, 'sale_ts': 1688026683356} to topic salesitems partition 0 offset 1569
2023-06-29 10:18:13 root         INFO     Produced {'seller_id': 'KC', 'product': 'Toothbrush', 'quantity': 5, 'product_price': 3.99, 'sale_ts': 1688026688360} to topic salesitems partition 0 offset 1579
2023-06-29 10:18:18 root         INFO     Produced {'seller_id': 'DEN', 'product': 'Toothpaste', 'quantity': 3, 'product_price': 4.99, 'sale_ts': 1688026693362} to topic salesitems partition 0 offset 1589
2023-06-29 10:18:23 root         INFO     Produced {'seller_id': 'KC', 'product': 'Toothpaste', 'quantity': 5, 'product_price': 4.99, 'sale_ts': 1688026698368} to topic salesitems partition 0 offset 1599
2023-06-29 10:18:28 root         INFO     Produced {'seller_id': 'DEN', 'product': 'Toothbrush', 'quantity': 5, 'product_price': 3.99, 'sale_ts': 1688026703372} to topic salesitems partition 0 offset 1609
2023-06-29 10:18:33 root         INFO     Produced {'seller_id': 'OMA', 'product': 'Toothpaste', 'quantity': 4, 'product_price': 4.99, 'sale_ts': 1688026708377} to topic salesitems partition 0 offset 1619
2023-06-29 10:18:38 root         INFO     Produced {'seller_id': 'LNK', 'product': 'Toothpaste', 'quantity': 4, 'product_price': 4.99, 'sale_ts': 1688026713382} to topic salesitems partition 0 offset 1629
2023-06-29 10:18:43 root         INFO     Produced {'seller_id': 'KC', 'product': 'Dental Floss', 'quantity': 1, 'product_price': 1.99, 'sale_ts': 1688026718386} to topic salesitems partition 0 offset 1639
2023-06-29 10:18:48 root         INFO     Produced {'seller_id': 'DEN', 'product': 'Dental Floss', 'quantity': 2, 'product_price': 1.99, 'sale_ts': 1688026723391} to topic salesitems partition 0 offset 1649
2023-06-29 10:18:53 root         INFO     Produced {'seller_id': 'OMA', 'product': 'Dental Floss', 'quantity': 2, 'product_price': 1.99, 'sale_ts': 1688026728395} to topic salesitems partition 0 offset 1659
2023-06-29 10:18:58 root         INFO     Produced {'seller_id': 'OMA', 'product': 'Toothbrush', 'quantity': 4, 'product_price': 3.99, 'sale_ts': 1688026733400} to topic salesitems partition 0 offset 1669
2023-06-29 10:19:03 root         INFO     Produced {'seller_id': 'DEN', 'product': 'Toothbrush', 'quantity': 5, 'product_price': 3.99, 'sale_ts': 1688026738353} to topic salesitems partition 0 offset 1679
2023-06-29 10:19:08 root         INFO     Produced {'seller_id': 'DEN', 'product': 'Toothpaste', 'quantity': 3, 'product_price': 4.99, 'sale_ts': 1688026743358} to topic salesitems partition 0 offset 1689
2023-06-29 10:19:13 root         INFO     Produced {'seller_id': 'DEN', 'product': 'Toothbrush', 'quantity': 4, 'product_price': 3.99, 'sale_ts': 1688026748360} to topic salesitems partition 0 offset 1699
2023-06-29 10:19:18 root         INFO     Produced {'seller_id': 'LNK', 'product': 'Toothpaste', 'quantity': 2, 'product_price': 4.99, 'sale_ts': 1688026753365} to topic salesitems partition 0 offset 1709
2023-06-29 10:19:23 root         INFO     Produced {'seller_id': 'OMA', 'product': 'Toothpaste', 'quantity': 1, 'product_price': 4.99, 'sale_ts': 1688026758368} to topic salesitems partition 0 offset 1719
2023-06-29 10:19:28 root         INFO     Produced {'seller_id': 'OMA', 'product': 'Dental Floss', 'quantity': 4, 'product_price': 1.99, 'sale_ts': 1688026763371} to topic salesitems partition 0 offset 1729
2023-06-29 10:19:33 root         INFO     Produced {'seller_id': 'LNK', 'product': 'Toothbrush', 'quantity': 4, 'product_price': 3.99, 'sale_ts': 1688026768376} to topic salesitems partition 0 offset 1739
2023-06-29 10:19:38 root         INFO     Produced {'seller_id': 'KC', 'product': 'Dental Floss', 'quantity': 2, 'product_price': 1.99, 'sale_ts': 1688026773380} to topic salesitems partition 0 offset 1749
2023-06-29 10:19:43 root         INFO     Produced {'seller_id': 'OMA', 'product': 'Toothbrush', 'quantity': 5, 'product_price': 3.99, 'sale_ts': 1688026778384} to topic salesitems partition 0 offset 1759
2023-06-29 10:19:48 root         INFO     Produced {'seller_id': 'OMA', 'product': 'Toothbrush', 'quantity': 5, 'product_price': 3.99, 'sale_ts': 1688026783387} to topic salesitems partition 0 offset 1769
2023-06-29 10:19:53 root         INFO     Produced {'seller_id': 'LNK', 'product': 'Dental Floss', 'quantity': 1, 'product_price': 1.99, 'sale_ts': 1688026788389} to topic salesitems partition 0 offset 1779
2023-06-29 10:19:58 root         INFO     Produced {'seller_id': 'KC', 'product': 'Toothpaste', 'quantity': 4, 'product_price': 4.99, 'sale_ts': 1688026793391} to topic salesitems partition 0 offset 1789
2023-06-29 10:20:03 root         INFO     Produced {'seller_id': 'LNK', 'product': 'Dental Floss', 'quantity': 1, 'product_price': 1.99, 'sale_ts': 1688026798395} to topic salesitems partition 0 offset 1799
2023-06-29 10:20:08 root         INFO     Produced {'seller_id': 'KC', 'product': 'Toothpaste', 'quantity': 4, 'product_price': 4.99, 'sale_ts': 1688026803399} to topic salesitems partition 0 offset 1809
2023-06-29 10:20:13 root         INFO     Produced {'seller_id': 'KC', 'product': 'Dental Floss', 'quantity': 2, 'product_price': 1.99, 'sale_ts': 1688026808403} to topic salesitems partition 0 offset 1819
2023-06-29 10:20:18 root         INFO     Produced {'seller_id': 'OMA', 'product': 'Dental Floss', 'quantity': 1, 'product_price': 1.99, 'sale_ts': 1688026813409} to topic salesitems partition 0 offset 1829
2023-06-29 10:20:23 root         INFO     Produced {'seller_id': 'OMA', 'product': 'Dental Floss', 'quantity': 2, 'product_price': 1.99, 'sale_ts': 1688026818414} to topic salesitems partition 0 offset 1839
2023-06-29 10:20:28 root         INFO     Produced {'seller_id': 'DEN', 'product': 'Dental Floss', 'quantity': 3, 'product_price': 1.99, 'sale_ts': 1688026823416} to topic salesitems partition 0 offset 1849
2023-06-29 10:20:33 root         INFO     Produced {'seller_id': 'DEN', 'product': 'Toothpaste', 'quantity': 1, 'product_price': 4.99, 'sale_ts': 1688026828422} to topic salesitems partition 0 offset 1859
2023-06-29 10:20:38 root         INFO     Produced {'seller_id': 'OMA', 'product': 'Dental Floss', 'quantity': 2, 'product_price': 1.99, 'sale_ts': 1688026833431} to topic salesitems partition 0 offset 1869
2023-06-29 10:20:43 root         INFO     Produced {'seller_id': 'KC', 'product': 'Toothpaste', 'quantity': 3, 'product_price': 4.99, 'sale_ts': 1688026838434} to topic salesitems partition 0 offset 1879
2023-06-29 10:20:48 root         INFO     Produced {'seller_id': 'DEN', 'product': 'Dental Floss', 'quantity': 2, 'product_price': 1.99, 'sale_ts': 1688026843438} to topic salesitems partition 0 offset 1889
2023-06-29 10:20:53 root         INFO     Produced {'seller_id': 'OMA', 'product': 'Dental Floss', 'quantity': 5, 'product_price': 1.99, 'sale_ts': 1688026848444} to topic salesitems partition 0 offset 1899
2023-06-29 10:20:58 root         INFO     Produced {'seller_id': 'LNK', 'product': 'Dental Floss', 'quantity': 4, 'product_price': 1.99, 'sale_ts': 1688026853448} to topic salesitems partition 0 offset 1909
2023-06-29 10:21:03 root         INFO     Produced {'seller_id': 'KC', 'product': 'Toothpaste', 'quantity': 4, 'product_price': 4.99, 'sale_ts': 1688026858452} to topic salesitems partition 0 offset 1919
2023-06-29 10:21:08 root         INFO     Produced {'seller_id': 'LNK', 'product': 'Toothpaste', 'quantity': 4, 'product_price': 4.99, 'sale_ts': 1688026863457} to topic salesitems partition 0 offset 1929
2023-06-29 10:21:13 root         INFO     Produced {'seller_id': 'DEN', 'product': 'Dental Floss', 'quantity': 5, 'product_price': 1.99, 'sale_ts': 1688026868462} to topic salesitems partition 0 offset 1939
2023-06-29 10:21:18 root         INFO     Produced {'seller_id': 'OMA', 'product': 'Toothpaste', 'quantity': 2, 'product_price': 4.99, 'sale_ts': 1688026873464} to topic salesitems partition 0 offset 1949
2023-06-29 10:21:23 root         INFO     Produced {'seller_id': 'KC', 'product': 'Toothpaste', 'quantity': 3, 'product_price': 4.99, 'sale_ts': 1688026878468} to topic salesitems partition 0 offset 1959
2023-06-29 10:21:28 root         INFO     Produced {'seller_id': 'LNK', 'product': 'Toothpaste', 'quantity': 5, 'product_price': 4.99, 'sale_ts': 1688026883470} to topic salesitems partition 0 offset 1969
2023-06-29 10:21:33 root         INFO     Produced {'seller_id': 'KC', 'product': 'Toothpaste', 'quantity': 4, 'product_price': 4.99, 'sale_ts': 1688026888473} to topic salesitems partition 0 offset 1979
2023-06-29 10:21:38 root         INFO     Produced {'seller_id': 'LNK', 'product': 'Toothbrush', 'quantity': 3, 'product_price': 3.99, 'sale_ts': 1688026893479} to topic salesitems partition 0 offset 1989
2023-06-29 10:21:43 root         INFO     Produced {'seller_id': 'LNK', 'product': 'Dental Floss', 'quantity': 5, 'product_price': 1.99, 'sale_ts': 1688026898484} to topic salesitems partition 0 offset 1999
2023-06-29 10:21:48 root         INFO     Produced {'seller_id': 'DEN', 'product': 'Toothbrush', 'quantity': 2, 'product_price': 3.99, 'sale_ts': 1688026903486} to topic salesitems partition 0 offset 2009
2023-06-29 10:21:53 root         INFO     Produced {'seller_id': 'OMA', 'product': 'Toothbrush', 'quantity': 5, 'product_price': 3.99, 'sale_ts': 1688026908488} to topic salesitems partition 0 offset 2019
2023-06-29 10:21:58 root         INFO     Produced {'seller_id': 'KC', 'product': 'Dental Floss', 'quantity': 3, 'product_price': 1.99, 'sale_ts': 1688026913492} to topic salesitems partition 0 offset 2029
2023-06-29 10:22:03 root         INFO     Produced {'seller_id': 'KC', 'product': 'Dental Floss', 'quantity': 5, 'product_price': 1.99, 'sale_ts': 1688026918494} to topic salesitems partition 0 offset 2039
2023-06-29 10:22:08 root         INFO     Produced {'seller_id': 'DEN', 'product': 'Dental Floss', 'quantity': 4, 'product_price': 1.99, 'sale_ts': 1688026923499} to topic salesitems partition 0 offset 2049
2023-06-29 10:22:13 root         INFO     Produced {'seller_id': 'OMA', 'product': 'Dental Floss', 'quantity': 5, 'product_price': 1.99, 'sale_ts': 1688026928505} to topic salesitems partition 0 offset 2059
2023-06-29 10:22:18 root         INFO     Produced {'seller_id': 'DEN', 'product': 'Toothbrush', 'quantity': 2, 'product_price': 3.99, 'sale_ts': 1688026933509} to topic salesitems partition 0 offset 2069
2023-06-29 10:22:23 root         INFO     Produced {'seller_id': 'KC', 'product': 'Toothbrush', 'quantity': 2, 'product_price': 3.99, 'sale_ts': 1688026938511} to topic salesitems partition 0 offset 2079
2023-06-29 10:22:28 root         INFO     Produced {'seller_id': 'DEN', 'product': 'Dental Floss', 'quantity': 2, 'product_price': 1.99, 'sale_ts': 1688026943516} to topic salesitems partition 0 offset 2089
2023-06-29 10:22:33 root         INFO     Produced {'seller_id': 'DEN', 'product': 'Toothpaste', 'quantity': 1, 'product_price': 4.99, 'sale_ts': 1688026948521} to topic salesitems partition 0 offset 2099
2023-06-29 10:22:38 root         INFO     Produced {'seller_id': 'LNK', 'product': 'Dental Floss', 'quantity': 5, 'product_price': 1.99, 'sale_ts': 1688026953525} to topic salesitems partition 0 offset 2109
2023-06-29 10:22:43 root         INFO     Produced {'seller_id': 'LNK', 'product': 'Dental Floss', 'quantity': 3, 'product_price': 1.99, 'sale_ts': 1688026958526} to topic salesitems partition 0 offset 2119
2023-06-29 10:22:48 root         INFO     Produced {'seller_id': 'LNK', 'product': 'Dental Floss', 'quantity': 2, 'product_price': 1.99, 'sale_ts': 1688026963530} to topic salesitems partition 0 offset 2129
2023-06-29 10:22:53 root         INFO     Produced {'seller_id': 'DEN', 'product': 'Dental Floss', 'quantity': 2, 'product_price': 1.99, 'sale_ts': 1688026968533} to topic salesitems partition 0 offset 2139
2023-06-29 10:22:58 root         INFO     Produced {'seller_id': 'DEN', 'product': 'Toothbrush', 'quantity': 5, 'product_price': 3.99, 'sale_ts': 1688026973535} to topic salesitems partition 0 offset 2149
2023-06-29 10:23:03 root         INFO     Produced {'seller_id': 'KC', 'product': 'Toothpaste', 'quantity': 3, 'product_price': 4.99, 'sale_ts': 1688026978537} to topic salesitems partition 0 offset 2159
2023-06-29 10:23:08 root         INFO     Produced {'seller_id': 'KC', 'product': 'Dental Floss', 'quantity': 5, 'product_price': 1.99, 'sale_ts': 1688026983540} to topic salesitems partition 0 offset 2169
2023-06-29 10:23:13 root         INFO     Produced {'seller_id': 'KC', 'product': 'Dental Floss', 'quantity': 5, 'product_price': 1.99, 'sale_ts': 1688026988545} to topic salesitems partition 0 offset 2179
2023-06-29 10:23:18 root         INFO     Produced {'seller_id': 'DEN', 'product': 'Toothbrush', 'quantity': 1, 'product_price': 3.99, 'sale_ts': 1688026993549} to topic salesitems partition 0 offset 2189
2023-06-29 10:23:23 root         INFO     Produced {'seller_id': 'DEN', 'product': 'Dental Floss', 'quantity': 2, 'product_price': 1.99, 'sale_ts': 1688026998553} to topic salesitems partition 0 offset 2199
2023-06-29 10:23:28 root         INFO     Produced {'seller_id': 'OMA', 'product': 'Toothbrush', 'quantity': 3, 'product_price': 3.99, 'sale_ts': 1688027003557} to topic salesitems partition 0 offset 2209
2023-06-29 10:23:33 root         INFO     Produced {'seller_id': 'DEN', 'product': 'Dental Floss', 'quantity': 4, 'product_price': 1.99, 'sale_ts': 1688027008559} to topic salesitems partition 0 offset 2219
2023-06-29 10:23:38 root         INFO     Produced {'seller_id': 'KC', 'product': 'Dental Floss', 'quantity': 4, 'product_price': 1.99, 'sale_ts': 1688027013562} to topic salesitems partition 0 offset 2229
2023-06-29 10:23:43 root         INFO     Produced {'seller_id': 'KC', 'product': 'Dental Floss', 'quantity': 2, 'product_price': 1.99, 'sale_ts': 1688027018564} to topic salesitems partition 0 offset 2239
2023-06-29 10:23:48 root         INFO     Produced {'seller_id': 'OMA', 'product': 'Toothpaste', 'quantity': 1, 'product_price': 4.99, 'sale_ts': 1688027023565} to topic salesitems partition 0 offset 2249
2023-06-29 10:23:53 root         INFO     Produced {'seller_id': 'KC', 'product': 'Toothbrush', 'quantity': 1, 'product_price': 3.99, 'sale_ts': 1688027028568} to topic salesitems partition 0 offset 2259
2023-06-29 10:23:58 root         INFO     Produced {'seller_id': 'DEN', 'product': 'Toothpaste', 'quantity': 1, 'product_price': 4.99, 'sale_ts': 1688027033571} to topic salesitems partition 0 offset 2269
2023-06-29 10:24:03 root         INFO     Produced {'seller_id': 'KC', 'product': 'Toothpaste', 'quantity': 5, 'product_price': 4.99, 'sale_ts': 1688027038573} to topic salesitems partition 0 offset 2279
2023-06-29 10:24:08 root         INFO     Produced {'seller_id': 'KC', 'product': 'Toothpaste', 'quantity': 1, 'product_price': 4.99, 'sale_ts': 1688027043576} to topic salesitems partition 0 offset 2289
2023-06-29 10:24:13 root         INFO     Produced {'seller_id': 'LNK', 'product': 'Dental Floss', 'quantity': 5, 'product_price': 1.99, 'sale_ts': 1688027048579} to topic salesitems partition 0 offset 2299
2023-06-29 10:24:18 root         INFO     Produced {'seller_id': 'OMA', 'product': 'Toothbrush', 'quantity': 5, 'product_price': 3.99, 'sale_ts': 1688027053583} to topic salesitems partition 0 offset 2309
2023-06-29 10:24:23 root         INFO     Produced {'seller_id': 'LNK', 'product': 'Toothbrush', 'quantity': 5, 'product_price': 3.99, 'sale_ts': 1688027058588} to topic salesitems partition 0 offset 2319
2023-06-29 10:24:28 root         INFO     Produced {'seller_id': 'DEN', 'product': 'Toothbrush', 'quantity': 4, 'product_price': 3.99, 'sale_ts': 1688027063592} to topic salesitems partition 0 offset 2329
2023-06-29 10:24:33 root         INFO     Produced {'seller_id': 'KC', 'product': 'Dental Floss', 'quantity': 5, 'product_price': 1.99, 'sale_ts': 1688027068597} to topic salesitems partition 0 offset 2339
2023-06-29 10:24:38 root         INFO     Produced {'seller_id': 'KC', 'product': 'Dental Floss', 'quantity': 3, 'product_price': 1.99, 'sale_ts': 1688027073599} to topic salesitems partition 0 offset 2349
2023-06-29 10:24:43 root         INFO     Produced {'seller_id': 'KC', 'product': 'Toothpaste', 'quantity': 3, 'product_price': 4.99, 'sale_ts': 1688027078604} to topic salesitems partition 0 offset 2359
2023-06-29 10:24:48 root         INFO     Produced {'seller_id': 'OMA', 'product': 'Toothbrush', 'quantity': 2, 'product_price': 3.99, 'sale_ts': 1688027083609} to topic salesitems partition 0 offset 2369
2023-06-29 10:24:53 root         INFO     Produced {'seller_id': 'OMA', 'product': 'Dental Floss', 'quantity': 1, 'product_price': 1.99, 'sale_ts': 1688027088613} to topic salesitems partition 0 offset 2379
2023-06-29 10:24:58 root         INFO     Produced {'seller_id': 'OMA', 'product': 'Toothbrush', 'quantity': 3, 'product_price': 3.99, 'sale_ts': 1688027093619} to topic salesitems partition 0 offset 2389
2023-06-29 10:25:03 root         INFO     Produced {'seller_id': 'LNK', 'product': 'Dental Floss', 'quantity': 3, 'product_price': 1.99, 'sale_ts': 1688027098623} to topic salesitems partition 0 offset 2399
2023-06-29 10:25:08 root         INFO     Produced {'seller_id': 'DEN', 'product': 'Dental Floss', 'quantity': 2, 'product_price': 1.99, 'sale_ts': 1688027103629} to topic salesitems partition 0 offset 2409
2023-06-29 10:25:13 root         INFO     Produced {'seller_id': 'LNK', 'product': 'Toothpaste', 'quantity': 5, 'product_price': 4.99, 'sale_ts': 1688027108632} to topic salesitems partition 0 offset 2419
2023-06-29 10:25:18 root         INFO     Produced {'seller_id': 'OMA', 'product': 'Dental Floss', 'quantity': 4, 'product_price': 1.99, 'sale_ts': 1688027113637} to topic salesitems partition 0 offset 2429
2023-06-29 10:25:23 root         INFO     Produced {'seller_id': 'KC', 'product': 'Toothpaste', 'quantity': 1, 'product_price': 4.99, 'sale_ts': 1688027118637} to topic salesitems partition 0 offset 2439
2023-06-29 10:25:28 root         INFO     Produced {'seller_id': 'DEN', 'product': 'Dental Floss', 'quantity': 3, 'product_price': 1.99, 'sale_ts': 1688027123640} to topic salesitems partition 0 offset 2449
2023-06-29 10:25:33 root         INFO     Produced {'seller_id': 'DEN', 'product': 'Toothpaste', 'quantity': 4, 'product_price': 4.99, 'sale_ts': 1688027128642} to topic salesitems partition 0 offset 2459
2023-06-29 10:25:38 root         INFO     Produced {'seller_id': 'KC', 'product': 'Dental Floss', 'quantity': 1, 'product_price': 1.99, 'sale_ts': 1688027133645} to topic salesitems partition 0 offset 2469
2023-06-29 10:25:43 root         INFO     Produced {'seller_id': 'KC', 'product': 'Dental Floss', 'quantity': 2, 'product_price': 1.99, 'sale_ts': 1688027138648} to topic salesitems partition 0 offset 2479
2023-06-29 10:25:48 root         INFO     Produced {'seller_id': 'DEN', 'product': 'Toothbrush', 'quantity': 2, 'product_price': 3.99, 'sale_ts': 1688027143652} to topic salesitems partition 0 offset 2489
2023-06-29 10:25:53 root         INFO     Produced {'seller_id': 'OMA', 'product': 'Toothbrush', 'quantity': 4, 'product_price': 3.99, 'sale_ts': 1688027148655} to topic salesitems partition 0 offset 2499
2023-06-29 10:25:58 root         INFO     Produced {'seller_id': 'KC', 'product': 'Toothpaste', 'quantity': 5, 'product_price': 4.99, 'sale_ts': 1688027153661} to topic salesitems partition 0 offset 2509
2023-06-29 10:26:03 root         INFO     Produced {'seller_id': 'OMA', 'product': 'Dental Floss', 'quantity': 2, 'product_price': 1.99, 'sale_ts': 1688027158665} to topic salesitems partition 0 offset 2519
2023-06-29 10:26:08 root         INFO     Produced {'seller_id': 'DEN', 'product': 'Toothbrush', 'quantity': 3, 'product_price': 3.99, 'sale_ts': 1688027163668} to topic salesitems partition 0 offset 2529
2023-06-29 10:26:13 root         INFO     Produced {'seller_id': 'KC', 'product': 'Toothpaste', 'quantity': 1, 'product_price': 4.99, 'sale_ts': 1688027168670} to topic salesitems partition 0 offset 2539
2023-06-29 10:26:18 root         INFO     Produced {'seller_id': 'OMA', 'product': 'Toothpaste', 'quantity': 3, 'product_price': 4.99, 'sale_ts': 1688027173673} to topic salesitems partition 0 offset 2549
2023-06-29 10:26:23 root         INFO     Produced {'seller_id': 'KC', 'product': 'Toothpaste', 'quantity': 3, 'product_price': 4.99, 'sale_ts': 1688027178678} to topic salesitems partition 0 offset 2559
2023-06-29 10:26:28 root         INFO     Produced {'seller_id': 'OMA', 'product': 'Dental Floss', 'quantity': 5, 'product_price': 1.99, 'sale_ts': 1688027183684} to topic salesitems partition 0 offset 2569
2023-06-29 10:26:33 root         INFO     Produced {'seller_id': 'KC', 'product': 'Toothpaste', 'quantity': 3, 'product_price': 4.99, 'sale_ts': 1688027188689} to topic salesitems partition 0 offset 2579
2023-06-29 10:26:38 root         INFO     Produced {'seller_id': 'DEN', 'product': 'Toothbrush', 'quantity': 4, 'product_price': 3.99, 'sale_ts': 1688027193694} to topic salesitems partition 0 offset 2589
2023-06-29 10:26:43 root         INFO     Produced {'seller_id': 'KC', 'product': 'Toothpaste', 'quantity': 4, 'product_price': 4.99, 'sale_ts': 1688027198699} to topic salesitems partition 0 offset 2599
2023-06-29 10:26:48 root         INFO     Produced {'seller_id': 'DEN', 'product': 'Dental Floss', 'quantity': 5, 'product_price': 1.99, 'sale_ts': 1688027203704} to topic salesitems partition 0 offset 2609
2023-06-29 10:26:53 root         INFO     Produced {'seller_id': 'DEN', 'product': 'Dental Floss', 'quantity': 3, 'product_price': 1.99, 'sale_ts': 1688027208709} to topic salesitems partition 0 offset 2619
2023-06-29 10:26:58 root         INFO     Produced {'seller_id': 'KC', 'product': 'Dental Floss', 'quantity': 5, 'product_price': 1.99, 'sale_ts': 1688027213712} to topic salesitems partition 0 offset 2629
2023-06-29 10:27:03 root         INFO     Produced {'seller_id': 'KC', 'product': 'Toothpaste', 'quantity': 3, 'product_price': 4.99, 'sale_ts': 1688027218716} to topic salesitems partition 0 offset 2639
2023-06-29 10:27:08 root         INFO     Produced {'seller_id': 'LNK', 'product': 'Toothpaste', 'quantity': 2, 'product_price': 4.99, 'sale_ts': 1688027223720} to topic salesitems partition 0 offset 2649
2023-06-29 10:27:13 root         INFO     Produced {'seller_id': 'DEN', 'product': 'Dental Floss', 'quantity': 5, 'product_price': 1.99, 'sale_ts': 1688027228724} to topic salesitems partition 0 offset 2659
2023-06-29 10:27:18 root         INFO     Produced {'seller_id': 'LNK', 'product': 'Dental Floss', 'quantity': 4, 'product_price': 1.99, 'sale_ts': 1688027233728} to topic salesitems partition 0 offset 2669
2023-06-29 10:27:23 root         INFO     Produced {'seller_id': 'LNK', 'product': 'Dental Floss', 'quantity': 3, 'product_price': 1.99, 'sale_ts': 1688027238730} to topic salesitems partition 0 offset 2679
2023-06-29 10:27:28 root         INFO     Produced {'seller_id': 'DEN', 'product': 'Dental Floss', 'quantity': 2, 'product_price': 1.99, 'sale_ts': 1688027243735} to topic salesitems partition 0 offset 2689
2023-06-29 10:27:33 root         INFO     Produced {'seller_id': 'LNK', 'product': 'Dental Floss', 'quantity': 3, 'product_price': 1.99, 'sale_ts': 1688027248740} to topic salesitems partition 0 offset 2699
2023-06-29 10:27:38 root         INFO     Produced {'seller_id': 'LNK', 'product': 'Dental Floss', 'quantity': 3, 'product_price': 1.99, 'sale_ts': 1688027253746} to topic salesitems partition 0 offset 2709
2023-06-29 10:27:43 root         INFO     Produced {'seller_id': 'KC', 'product': 'Dental Floss', 'quantity': 1, 'product_price': 1.99, 'sale_ts': 1688027258750} to topic salesitems partition 0 offset 2719
2023-06-29 10:27:48 root         INFO     Produced {'seller_id': 'KC', 'product': 'Dental Floss', 'quantity': 4, 'product_price': 1.99, 'sale_ts': 1688027263755} to topic salesitems partition 0 offset 2729
2023-06-29 10:27:53 root         INFO     Produced {'seller_id': 'DEN', 'product': 'Toothpaste', 'quantity': 2, 'product_price': 4.99, 'sale_ts': 1688027268760} to topic salesitems partition 0 offset 2739
2023-06-29 10:27:58 root         INFO     Produced {'seller_id': 'LNK', 'product': 'Toothpaste', 'quantity': 2, 'product_price': 4.99, 'sale_ts': 1688027273763} to topic salesitems partition 0 offset 2749
2023-06-29 10:28:03 root         INFO     Produced {'seller_id': 'DEN', 'product': 'Toothbrush', 'quantity': 4, 'product_price': 3.99, 'sale_ts': 1688027278766} to topic salesitems partition 0 offset 2759
2023-06-29 10:28:08 root         INFO     Produced {'seller_id': 'KC', 'product': 'Dental Floss', 'quantity': 2, 'product_price': 1.99, 'sale_ts': 1688027283772} to topic salesitems partition 0 offset 2769
2023-06-29 10:28:13 root         INFO     Produced {'seller_id': 'DEN', 'product': 'Toothpaste', 'quantity': 1, 'product_price': 4.99, 'sale_ts': 1688027288777} to topic salesitems partition 0 offset 2779
2023-06-29 10:28:18 root         INFO     Produced {'seller_id': 'KC', 'product': 'Toothpaste', 'quantity': 3, 'product_price': 4.99, 'sale_ts': 1688027293778} to topic salesitems partition 0 offset 2789
2023-06-29 10:28:23 root         INFO     Produced {'seller_id': 'OMA', 'product': 'Toothbrush', 'quantity': 5, 'product_price': 3.99, 'sale_ts': 1688027298783} to topic salesitems partition 0 offset 2799
2023-06-29 10:28:28 root         INFO     Produced {'seller_id': 'LNK', 'product': 'Dental Floss', 'quantity': 5, 'product_price': 1.99, 'sale_ts': 1688027303788} to topic salesitems partition 0 offset 2809
2023-06-29 10:28:33 root         INFO     Produced {'seller_id': 'DEN', 'product': 'Toothbrush', 'quantity': 5, 'product_price': 3.99, 'sale_ts': 1688027308792} to topic salesitems partition 0 offset 2819
2023-06-29 10:28:38 root         INFO     Produced {'seller_id': 'LNK', 'product': 'Toothpaste', 'quantity': 3, 'product_price': 4.99, 'sale_ts': 1688027313795} to topic salesitems partition 0 offset 2829
2023-06-29 10:28:43 root         INFO     Produced {'seller_id': 'LNK', 'product': 'Toothbrush', 'quantity': 2, 'product_price': 3.99, 'sale_ts': 1688027318801} to topic salesitems partition 0 offset 2839
2023-06-29 10:28:48 root         INFO     Produced {'seller_id': 'LNK', 'product': 'Dental Floss', 'quantity': 4, 'product_price': 1.99, 'sale_ts': 1688027323805} to topic salesitems partition 0 offset 2849
2023-06-29 10:28:53 root         INFO     Produced {'seller_id': 'OMA', 'product': 'Dental Floss', 'quantity': 5, 'product_price': 1.99, 'sale_ts': 1688027328811} to topic salesitems partition 0 offset 2859
2023-06-29 10:28:58 root         INFO     Produced {'seller_id': 'DEN', 'product': 'Toothbrush', 'quantity': 2, 'product_price': 3.99, 'sale_ts': 1688027333816} to topic salesitems partition 0 offset 2869
2023-06-29 10:29:03 root         INFO     Produced {'seller_id': 'KC', 'product': 'Toothpaste', 'quantity': 1, 'product_price': 4.99, 'sale_ts': 1688027338822} to topic salesitems partition 0 offset 2879
2023-06-29 10:29:08 root         INFO     Produced {'seller_id': 'LNK', 'product': 'Toothpaste', 'quantity': 1, 'product_price': 4.99, 'sale_ts': 1688027343827} to topic salesitems partition 0 offset 2889
2023-06-29 10:29:13 root         INFO     Produced {'seller_id': 'OMA', 'product': 'Toothbrush', 'quantity': 5, 'product_price': 3.99, 'sale_ts': 1688027348831} to topic salesitems partition 0 offset 2899
2023-06-29 10:29:18 root         INFO     Produced {'seller_id': 'LNK', 'product': 'Toothbrush', 'quantity': 1, 'product_price': 3.99, 'sale_ts': 1688027353833} to topic salesitems partition 0 offset 2909
2023-06-29 10:29:23 root         INFO     Produced {'seller_id': 'LNK', 'product': 'Toothbrush', 'quantity': 5, 'product_price': 3.99, 'sale_ts': 1688027358838} to topic salesitems partition 0 offset 2919
2023-06-29 10:29:28 root         INFO     Produced {'seller_id': 'LNK', 'product': 'Dental Floss', 'quantity': 5, 'product_price': 1.99, 'sale_ts': 1688027363844} to topic salesitems partition 0 offset 2929
2023-06-29 10:29:33 root         INFO     Produced {'seller_id': 'KC', 'product': 'Dental Floss', 'quantity': 3, 'product_price': 1.99, 'sale_ts': 1688027368855} to topic salesitems partition 0 offset 2939
2023-06-29 10:29:38 root         INFO     Produced {'seller_id': 'KC', 'product': 'Dental Floss', 'quantity': 2, 'product_price': 1.99, 'sale_ts': 1688027373860} to topic salesitems partition 0 offset 2949
2023-06-29 10:29:43 root         INFO     Produced {'seller_id': 'KC', 'product': 'Toothpaste', 'quantity': 5, 'product_price': 4.99, 'sale_ts': 1688027378865} to topic salesitems partition 0 offset 2959
2023-06-29 10:29:48 root         INFO     Produced {'seller_id': 'OMA', 'product': 'Toothpaste', 'quantity': 4, 'product_price': 4.99, 'sale_ts': 1688027383869} to topic salesitems partition 0 offset 2969
2023-06-29 10:29:53 root         INFO     Produced {'seller_id': 'LNK', 'product': 'Toothpaste', 'quantity': 1, 'product_price': 4.99, 'sale_ts': 1688027388876} to topic salesitems partition 0 offset 2979
2023-06-29 10:29:58 root         INFO     Produced {'seller_id': 'LNK', 'product': 'Toothpaste', 'quantity': 3, 'product_price': 4.99, 'sale_ts': 1688027393882} to topic salesitems partition 0 offset 2989
2023-06-29 10:30:03 root         INFO     Produced {'seller_id': 'KC', 'product': 'Toothbrush', 'quantity': 1, 'product_price': 3.99, 'sale_ts': 1688027398888} to topic salesitems partition 0 offset 2999
2023-06-29 10:30:08 root         INFO     Produced {'seller_id': 'LNK', 'product': 'Dental Floss', 'quantity': 5, 'product_price': 1.99, 'sale_ts': 1688027403892} to topic salesitems partition 0 offset 3009
2023-06-29 12:21:13 root         ERROR    Error producing record {'seller_id': 'DEN', 'product': 'Dental Floss', 'quantity': 4, 'product_price': 1.99, 'sale_ts': 1688027408899}
2023-06-29 12:21:13 root         ERROR    Error producing record {'seller_id': 'OMA', 'product': 'Toothpaste', 'quantity': 5, 'product_price': 4.99, 'sale_ts': 1688027408899}
2023-06-29 12:21:13 root         ERROR    Error producing record {'seller_id': 'DEN', 'product': 'Toothpaste', 'quantity': 1, 'product_price': 4.99, 'sale_ts': 1688027408899}
2023-06-29 12:21:13 root         ERROR    Error producing record {'seller_id': 'DEN', 'product': 'Dental Floss', 'quantity': 5, 'product_price': 1.99, 'sale_ts': 1688027408899}
2023-06-29 12:21:13 root         ERROR    Error producing record {'seller_id': 'KC', 'product': 'Dental Floss', 'quantity': 1, 'product_price': 1.99, 'sale_ts': 1688027408899}
2023-06-29 12:21:13 root         ERROR    Error producing record {'seller_id': 'LNK', 'product': 'Toothbrush', 'quantity': 1, 'product_price': 3.99, 'sale_ts': 1688027408899}
2023-06-29 12:21:13 root         ERROR    Error producing record {'seller_id': 'DEN', 'product': 'Toothbrush', 'quantity': 2, 'product_price': 3.99, 'sale_ts': 1688027408899}
2023-06-29 12:21:13 root         ERROR    Error producing record {'seller_id': 'LNK', 'product': 'Toothpaste', 'quantity': 5, 'product_price': 4.99, 'sale_ts': 1688027408899}
2023-06-29 12:21:13 root         ERROR    Error producing record {'seller_id': 'KC', 'product': 'Toothbrush', 'quantity': 2, 'product_price': 3.99, 'sale_ts': 1688027408899}
2023-06-29 12:21:13 root         ERROR    Error producing record {'seller_id': 'KC', 'product': 'Toothpaste', 'quantity': 3, 'product_price': 4.99, 'sale_ts': 1688027408899}
